{"C:\\Users\\mhmto\\.gemini\\antigravity\\scratch\\gemquest52\\asset-declarations.d.ts": {"path":"C:\\Users\\mhmto\\.gemini\\antigravity\\scratch\\gemquest52\\asset-declarations.d.ts","statementMap":{},"fnMap":{},"branchMap":{},"s":{},"f":{},"b":{}}
,"C:\\Users\\mhmto\\.gemini\\antigravity\\scratch\\gemquest52\\firebase-auth-types.d.ts": {"path":"C:\\Users\\mhmto\\.gemini\\antigravity\\scratch\\gemquest52\\firebase-auth-types.d.ts","statementMap":{},"fnMap":{},"branchMap":{},"s":{},"f":{},"b":{}}
,"C:\\Users\\mhmto\\.gemini\\antigravity\\scratch\\gemquest52\\.expo\\types\\router.d.ts": {"path":"C:\\Users\\mhmto\\.gemini\\antigravity\\scratch\\gemquest52\\.expo\\types\\router.d.ts","statementMap":{},"fnMap":{},"branchMap":{},"s":{},"f":{},"b":{}}
,"C:\\Users\\mhmto\\.gemini\\antigravity\\scratch\\gemquest52\\app\\_layout.tsx": {"path":"C:\\Users\\mhmto\\.gemini\\antigravity\\scratch\\gemquest52\\app\\_layout.tsx","statementMap":{"0":{"start":{"line":14,"column":37},"end":{"line":14,"column":47}},"1":{"start":{"line":16,"column":2},"end":{"line":16,"column":49}},"2":{"start":{"line":16,"column":20},"end":{"line":16,"column":41}},"3":{"start":{"line":18,"column":2},"end":{"line":32,"column":31}},"4":{"start":{"line":19,"column":30},"end":{"line":30,"column":5}},"5":{"start":{"line":20,"column":6},"end":{"line":29,"column":7}},"6":{"start":{"line":21,"column":8},"end":{"line":26,"column":9}},"7":{"start":{"line":22,"column":26},"end":{"line":22,"column":87}},"8":{"start":{"line":23,"column":10},"end":{"line":25,"column":11}},"9":{"start":{"line":24,"column":12},"end":{"line":24,"column":75}},"10":{"start":{"line":28,"column":8},"end":{"line":28,"column":53}},"11":{"start":{"line":31,"column":4},"end":{"line":31,"column":24}},"12":{"start":{"line":34,"column":2},"end":{"line":34,"column":51}},"13":{"start":{"line":34,"column":20},"end":{"line":34,"column":43}},"14":{"start":{"line":36,"column":2},"end":{"line":43,"column":9}},"15":{"start":{"line":38,"column":4},"end":{"line":38,"column":32}},"16":{"start":{"line":39,"column":4},"end":{"line":39,"column":26}},"17":{"start":{"line":40,"column":4},"end":{"line":42,"column":6}},"18":{"start":{"line":41,"column":6},"end":{"line":41,"column":33}},"19":{"start":{"line":45,"column":2},"end":{"line":59,"column":4}},"20":{"start":{"line":63,"column":2},"end":{"line":67,"column":4}}},"fnMap":{"0":{"name":"RootLayoutContent","decl":{"start":{"line":13,"column":9},"end":{"line":13,"column":26}},"loc":{"start":{"line":13,"column":29},"end":{"line":60,"column":1}},"line":13},"1":{"name":"(anonymous_1)","decl":{"start":{"line":16,"column":12},"end":{"line":16,"column":13}},"loc":{"start":{"line":16,"column":18},"end":{"line":16,"column":43}},"line":16},"2":{"name":"(anonymous_2)","decl":{"start":{"line":18,"column":12},"end":{"line":18,"column":13}},"loc":{"start":{"line":18,"column":18},"end":{"line":32,"column":3}},"line":18},"3":{"name":"(anonymous_3)","decl":{"start":{"line":19,"column":30},"end":{"line":19,"column":31}},"loc":{"start":{"line":19,"column":42},"end":{"line":30,"column":5}},"line":19},"4":{"name":"(anonymous_4)","decl":{"start":{"line":34,"column":12},"end":{"line":34,"column":13}},"loc":{"start":{"line":34,"column":18},"end":{"line":34,"column":45}},"line":34},"5":{"name":"(anonymous_5)","decl":{"start":{"line":36,"column":12},"end":{"line":36,"column":13}},"loc":{"start":{"line":36,"column":18},"end":{"line":43,"column":3}},"line":36},"6":{"name":"(anonymous_6)","decl":{"start":{"line":40,"column":11},"end":{"line":40,"column":12}},"loc":{"start":{"line":40,"column":17},"end":{"line":42,"column":5}},"line":40},"7":{"name":"RootLayout","decl":{"start":{"line":62,"column":24},"end":{"line":62,"column":34}},"loc":{"start":{"line":62,"column":37},"end":{"line":68,"column":1}},"line":62}},"branchMap":{"0":{"loc":{"start":{"line":21,"column":8},"end":{"line":26,"column":9}},"type":"if","locations":[{"start":{"line":21,"column":8},"end":{"line":26,"column":9}},{"start":{},"end":{}}],"line":21},"1":{"loc":{"start":{"line":23,"column":10},"end":{"line":25,"column":11}},"type":"if","locations":[{"start":{"line":23,"column":10},"end":{"line":25,"column":11}},{"start":{},"end":{}}],"line":23}},"s":{"0":0,"1":0,"2":0,"3":0,"4":0,"5":0,"6":0,"7":0,"8":0,"9":0,"10":0,"11":0,"12":0,"13":0,"14":0,"15":0,"16":0,"17":0,"18":0,"19":0,"20":0},"f":{"0":0,"1":0,"2":0,"3":0,"4":0,"5":0,"6":0,"7":0},"b":{"0":[0,0],"1":[0,0]}}
,"C:\\Users\\mhmto\\.gemini\\antigravity\\scratch\\gemquest52\\app\\anagram.tsx": {"path":"C:\\Users\\mhmto\\.gemini\\antigravity\\scratch\\gemquest52\\app\\anagram.tsx","statementMap":{"0":{"start":{"line":21,"column":17},"end":{"line":21,"column":28}},"1":{"start":{"line":22,"column":34},"end":{"line":22,"column":62}},"2":{"start":{"line":23,"column":42},"end":{"line":23,"column":52}},"3":{"start":{"line":24,"column":15},"end":{"line":24,"column":45}},"4":{"start":{"line":25,"column":19},"end":{"line":25,"column":32}},"5":{"start":{"line":26,"column":42},"end":{"line":26,"column":57}},"6":{"start":{"line":27,"column":44},"end":{"line":27,"column":321}},"7":{"start":{"line":33,"column":12},"end":{"line":33,"column":34}},"8":{"start":{"line":34,"column":33},"end":{"line":34,"column":108}},"9":{"start":{"line":36,"column":23},"end":{"line":84,"column":3}},"10":{"start":{"line":37,"column":4},"end":{"line":41,"column":5}},"11":{"start":{"line":38,"column":6},"end":{"line":38,"column":44}},"12":{"start":{"line":39,"column":6},"end":{"line":39,"column":89}},"13":{"start":{"line":40,"column":6},"end":{"line":40,"column":13}},"14":{"start":{"line":42,"column":19},"end":{"line":42,"column":37}},"15":{"start":{"line":43,"column":4},"end":{"line":83,"column":5}},"16":{"start":{"line":44,"column":6},"end":{"line":44,"column":28}},"17":{"start":{"line":45,"column":6},"end":{"line":45,"column":31}},"18":{"start":{"line":46,"column":6},"end":{"line":46,"column":44}},"19":{"start":{"line":47,"column":6},"end":{"line":47,"column":32}},"20":{"start":{"line":48,"column":6},"end":{"line":48,"column":33}},"21":{"start":{"line":49,"column":6},"end":{"line":64,"column":9}},"22":{"start":{"line":59,"column":12},"end":{"line":59,"column":35}},"23":{"start":{"line":60,"column":12},"end":{"line":60,"column":33}},"24":{"start":{"line":65,"column":11},"end":{"line":83,"column":5}},"25":{"start":{"line":66,"column":6},"end":{"line":66,"column":32}},"26":{"start":{"line":67,"column":6},"end":{"line":67,"column":44}},"27":{"start":{"line":68,"column":6},"end":{"line":78,"column":9}},"28":{"start":{"line":75,"column":76},"end":{"line":75,"column":99}},"29":{"start":{"line":75,"column":100},"end":{"line":75,"column":121}},"30":{"start":{"line":76,"column":71},"end":{"line":76,"column":84}},"31":{"start":{"line":80,"column":6},"end":{"line":80,"column":32}},"32":{"start":{"line":81,"column":6},"end":{"line":81,"column":44}},"33":{"start":{"line":82,"column":6},"end":{"line":82,"column":192}},"34":{"start":{"line":86,"column":21},"end":{"line":125,"column":3}},"35":{"start":{"line":87,"column":4},"end":{"line":95,"column":5}},"36":{"start":{"line":88,"column":22},"end":{"line":88,"column":36}},"37":{"start":{"line":89,"column":6},"end":{"line":93,"column":7}},"38":{"start":{"line":90,"column":8},"end":{"line":90,"column":72}},"39":{"start":{"line":92,"column":8},"end":{"line":92,"column":73}},"40":{"start":{"line":94,"column":6},"end":{"line":94,"column":13}},"41":{"start":{"line":97,"column":4},"end":{"line":112,"column":5}},"42":{"start":{"line":98,"column":24},"end":{"line":102,"column":7}},"43":{"start":{"line":103,"column":6},"end":{"line":110,"column":7}},"44":{"start":{"line":104,"column":19},"end":{"line":104,"column":58}},"45":{"start":{"line":105,"column":8},"end":{"line":109,"column":9}},"46":{"start":{"line":106,"column":10},"end":{"line":106,"column":81}},"47":{"start":{"line":108,"column":10},"end":{"line":108,"column":85}},"48":{"start":{"line":111,"column":6},"end":{"line":111,"column":13}},"49":{"start":{"line":114,"column":4},"end":{"line":124,"column":7}},"50":{"start":{"line":119,"column":21},"end":{"line":119,"column":60}},"51":{"start":{"line":120,"column":10},"end":{"line":121,"column":91}},"52":{"start":{"line":120,"column":18},"end":{"line":120,"column":90}},"53":{"start":{"line":121,"column":15},"end":{"line":121,"column":91}},"54":{"start":{"line":128,"column":2},"end":{"line":157,"column":78}},"55":{"start":{"line":129,"column":4},"end":{"line":129,"column":38}},"56":{"start":{"line":129,"column":31},"end":{"line":129,"column":38}},"57":{"start":{"line":131,"column":26},"end":{"line":151,"column":5}},"58":{"start":{"line":132,"column":6},"end":{"line":132,"column":44}},"59":{"start":{"line":132,"column":37},"end":{"line":132,"column":44}},"60":{"start":{"line":134,"column":18},"end":{"line":134,"column":50}},"61":{"start":{"line":136,"column":6},"end":{"line":150,"column":7}},"62":{"start":{"line":137,"column":8},"end":{"line":137,"column":23}},"63":{"start":{"line":138,"column":13},"end":{"line":150,"column":7}},"64":{"start":{"line":139,"column":8},"end":{"line":139,"column":26}},"65":{"start":{"line":140,"column":13},"end":{"line":150,"column":7}},"66":{"start":{"line":142,"column":20},"end":{"line":144,"column":10}},"67":{"start":{"line":143,"column":10},"end":{"line":143,"column":98}},"68":{"start":{"line":145,"column":8},"end":{"line":149,"column":9}},"69":{"start":{"line":146,"column":10},"end":{"line":146,"column":46}},"70":{"start":{"line":147,"column":10},"end":{"line":147,"column":37}},"71":{"start":{"line":148,"column":10},"end":{"line":148,"column":33}},"72":{"start":{"line":153,"column":4},"end":{"line":153,"column":54}},"73":{"start":{"line":154,"column":4},"end":{"line":156,"column":6}},"74":{"start":{"line":155,"column":6},"end":{"line":155,"column":59}},"75":{"start":{"line":159,"column":2},"end":{"line":161,"column":3}},"76":{"start":{"line":160,"column":4},"end":{"line":160,"column":88}},"77":{"start":{"line":163,"column":2},"end":{"line":311,"column":4}},"78":{"start":{"line":169,"column":142},"end":{"line":169,"column":155}},"79":{"start":{"line":181,"column":25},"end":{"line":181,"column":41}},"80":{"start":{"line":182,"column":29},"end":{"line":182,"column":43}},"81":{"start":{"line":183,"column":12},"end":{"line":195,"column":14}},"82":{"start":{"line":191,"column":33},"end":{"line":191,"column":48}},"83":{"start":{"line":191,"column":49},"end":{"line":191,"column":63}},"84":{"start":{"line":212,"column":26},"end":{"line":212,"column":47}},"85":{"start":{"line":213,"column":27},"end":{"line":213,"column":123}},"86":{"start":{"line":214,"column":31},"end":{"line":214,"column":181}},"87":{"start":{"line":215,"column":12},"end":{"line":234,"column":14}},"88":{"start":{"line":242,"column":33},"end":{"line":242,"column":67}},"89":{"start":{"line":243,"column":14},"end":{"line":267,"column":16}},"90":{"start":{"line":252,"column":20},"end":{"line":252,"column":56}},"91":{"start":{"line":253,"column":20},"end":{"line":253,"column":47}},"92":{"start":{"line":254,"column":20},"end":{"line":254,"column":43}},"93":{"start":{"line":277,"column":14},"end":{"line":277,"column":50}},"94":{"start":{"line":278,"column":14},"end":{"line":278,"column":36}},"95":{"start":{"line":307,"column":25},"end":{"line":307,"column":80}},"96":{"start":{"line":307,"column":51},"end":{"line":307,"column":78}},"97":{"start":{"line":314,"column":15},"end":{"line":349,"column":2}}},"fnMap":{"0":{"name":"AnagramScreen","decl":{"start":{"line":20,"column":24},"end":{"line":20,"column":37}},"loc":{"start":{"line":20,"column":40},"end":{"line":312,"column":1}},"line":20},"1":{"name":"(anonymous_1)","decl":{"start":{"line":36,"column":23},"end":{"line":36,"column":24}},"loc":{"start":{"line":36,"column":35},"end":{"line":84,"column":3}},"line":36},"2":{"name":"(anonymous_2)","decl":{"start":{"line":58,"column":19},"end":{"line":58,"column":20}},"loc":{"start":{"line":58,"column":25},"end":{"line":61,"column":11}},"line":58},"3":{"name":"(anonymous_3)","decl":{"start":{"line":75,"column":68},"end":{"line":75,"column":69}},"loc":{"start":{"line":75,"column":74},"end":{"line":75,"column":123}},"line":75},"4":{"name":"(anonymous_4)","decl":{"start":{"line":76,"column":65},"end":{"line":76,"column":66}},"loc":{"start":{"line":76,"column":71},"end":{"line":76,"column":84}},"line":76},"5":{"name":"(anonymous_5)","decl":{"start":{"line":86,"column":21},"end":{"line":86,"column":22}},"loc":{"start":{"line":86,"column":33},"end":{"line":125,"column":3}},"line":86},"6":{"name":"(anonymous_6)","decl":{"start":{"line":118,"column":17},"end":{"line":118,"column":18}},"loc":{"start":{"line":118,"column":29},"end":{"line":122,"column":9}},"line":118},"7":{"name":"(anonymous_7)","decl":{"start":{"line":128,"column":12},"end":{"line":128,"column":13}},"loc":{"start":{"line":128,"column":18},"end":{"line":157,"column":3}},"line":128},"8":{"name":"(anonymous_8)","decl":{"start":{"line":131,"column":26},"end":{"line":131,"column":27}},"loc":{"start":{"line":131,"column":48},"end":{"line":151,"column":5}},"line":131},"9":{"name":"(anonymous_9)","decl":{"start":{"line":142,"column":51},"end":{"line":142,"column":52}},"loc":{"start":{"line":142,"column":68},"end":{"line":144,"column":9}},"line":142},"10":{"name":"(anonymous_10)","decl":{"start":{"line":154,"column":11},"end":{"line":154,"column":12}},"loc":{"start":{"line":154,"column":17},"end":{"line":156,"column":5}},"line":154},"11":{"name":"(anonymous_11)","decl":{"start":{"line":169,"column":136},"end":{"line":169,"column":137}},"loc":{"start":{"line":169,"column":142},"end":{"line":169,"column":155}},"line":169},"12":{"name":"(anonymous_12)","decl":{"start":{"line":180,"column":26},"end":{"line":180,"column":27}},"loc":{"start":{"line":180,"column":31},"end":{"line":196,"column":11}},"line":180},"13":{"name":"(anonymous_13)","decl":{"start":{"line":191,"column":25},"end":{"line":191,"column":26}},"loc":{"start":{"line":191,"column":31},"end":{"line":191,"column":65}},"line":191},"14":{"name":"(anonymous_14)","decl":{"start":{"line":211,"column":56},"end":{"line":211,"column":57}},"loc":{"start":{"line":211,"column":66},"end":{"line":235,"column":11}},"line":211},"15":{"name":"(anonymous_15)","decl":{"start":{"line":241,"column":38},"end":{"line":241,"column":39}},"loc":{"start":{"line":241,"column":55},"end":{"line":268,"column":13}},"line":241},"16":{"name":"(anonymous_16)","decl":{"start":{"line":251,"column":27},"end":{"line":251,"column":28}},"loc":{"start":{"line":251,"column":33},"end":{"line":255,"column":19}},"line":251},"17":{"name":"(anonymous_17)","decl":{"start":{"line":276,"column":21},"end":{"line":276,"column":22}},"loc":{"start":{"line":276,"column":27},"end":{"line":279,"column":13}},"line":276},"18":{"name":"(anonymous_18)","decl":{"start":{"line":307,"column":19},"end":{"line":307,"column":20}},"loc":{"start":{"line":307,"column":25},"end":{"line":307,"column":80}},"line":307},"19":{"name":"(anonymous_19)","decl":{"start":{"line":307,"column":42},"end":{"line":307,"column":43}},"loc":{"start":{"line":307,"column":51},"end":{"line":307,"column":78}},"line":307}},"branchMap":{"0":{"loc":{"start":{"line":37,"column":4},"end":{"line":41,"column":5}},"type":"if","locations":[{"start":{"line":37,"column":4},"end":{"line":41,"column":5}},{"start":{},"end":{}}],"line":37},"1":{"loc":{"start":{"line":39,"column":22},"end":{"line":39,"column":87}},"type":"cond-expr","locations":[{"start":{"line":39,"column":42},"end":{"line":39,"column":63}},{"start":{"line":39,"column":66},"end":{"line":39,"column":87}}],"line":39},"2":{"loc":{"start":{"line":43,"column":4},"end":{"line":83,"column":5}},"type":"if","locations":[{"start":{"line":43,"column":4},"end":{"line":83,"column":5}},{"start":{"line":65,"column":11},"end":{"line":83,"column":5}}],"line":43},"3":{"loc":{"start":{"line":51,"column":15},"end":{"line":51,"column":56}},"type":"cond-expr","locations":[{"start":{"line":51,"column":35},"end":{"line":51,"column":45}},{"start":{"line":51,"column":48},"end":{"line":51,"column":56}}],"line":51},"4":{"loc":{"start":{"line":53,"column":17},"end":{"line":53,"column":61}},"type":"cond-expr","locations":[{"start":{"line":53,"column":37},"end":{"line":53,"column":49}},{"start":{"line":53,"column":52},"end":{"line":53,"column":61}}],"line":53},"5":{"loc":{"start":{"line":57,"column":17},"end":{"line":57,"column":57}},"type":"cond-expr","locations":[{"start":{"line":57,"column":37},"end":{"line":57,"column":47}},{"start":{"line":57,"column":50},"end":{"line":57,"column":57}}],"line":57},"6":{"loc":{"start":{"line":65,"column":11},"end":{"line":83,"column":5}},"type":"if","locations":[{"start":{"line":65,"column":11},"end":{"line":83,"column":5}},{"start":{"line":79,"column":11},"end":{"line":83,"column":5}}],"line":65},"7":{"loc":{"start":{"line":70,"column":15},"end":{"line":70,"column":61}},"type":"cond-expr","locations":[{"start":{"line":70,"column":35},"end":{"line":70,"column":46}},{"start":{"line":70,"column":49},"end":{"line":70,"column":61}}],"line":70},"8":{"loc":{"start":{"line":72,"column":17},"end":{"line":72,"column":101}},"type":"cond-expr","locations":[{"start":{"line":72,"column":37},"end":{"line":72,"column":61}},{"start":{"line":72,"column":64},"end":{"line":72,"column":101}}],"line":72},"9":{"loc":{"start":{"line":75,"column":19},"end":{"line":75,"column":57}},"type":"cond-expr","locations":[{"start":{"line":75,"column":39},"end":{"line":75,"column":46}},{"start":{"line":75,"column":49},"end":{"line":75,"column":57}}],"line":75},"10":{"loc":{"start":{"line":76,"column":19},"end":{"line":76,"column":54}},"type":"cond-expr","locations":[{"start":{"line":76,"column":39},"end":{"line":76,"column":45}},{"start":{"line":76,"column":48},"end":{"line":76,"column":54}}],"line":76},"11":{"loc":{"start":{"line":82,"column":18},"end":{"line":82,"column":60}},"type":"cond-expr","locations":[{"start":{"line":82,"column":38},"end":{"line":82,"column":47}},{"start":{"line":82,"column":50},"end":{"line":82,"column":60}}],"line":82},"12":{"loc":{"start":{"line":82,"column":62},"end":{"line":82,"column":190}},"type":"cond-expr","locations":[{"start":{"line":82,"column":82},"end":{"line":82,"column":137}},{"start":{"line":82,"column":140},"end":{"line":82,"column":190}}],"line":82},"13":{"loc":{"start":{"line":87,"column":4},"end":{"line":95,"column":5}},"type":"if","locations":[{"start":{"line":87,"column":4},"end":{"line":95,"column":5}},{"start":{},"end":{}}],"line":87},"14":{"loc":{"start":{"line":89,"column":6},"end":{"line":93,"column":7}},"type":"if","locations":[{"start":{"line":89,"column":6},"end":{"line":93,"column":7}},{"start":{"line":91,"column":13},"end":{"line":93,"column":7}}],"line":89},"15":{"loc":{"start":{"line":90,"column":20},"end":{"line":90,"column":56}},"type":"cond-expr","locations":[{"start":{"line":90,"column":40},"end":{"line":90,"column":46}},{"start":{"line":90,"column":49},"end":{"line":90,"column":56}}],"line":90},"16":{"loc":{"start":{"line":92,"column":20},"end":{"line":92,"column":62}},"type":"cond-expr","locations":[{"start":{"line":92,"column":40},"end":{"line":92,"column":49}},{"start":{"line":92,"column":52},"end":{"line":92,"column":62}}],"line":92},"17":{"loc":{"start":{"line":97,"column":4},"end":{"line":112,"column":5}},"type":"if","locations":[{"start":{"line":97,"column":4},"end":{"line":112,"column":5}},{"start":{},"end":{}}],"line":97},"18":{"loc":{"start":{"line":99,"column":8},"end":{"line":101,"column":73}},"type":"cond-expr","locations":[{"start":{"line":100,"column":12},"end":{"line":100,"column":53}},{"start":{"line":101,"column":12},"end":{"line":101,"column":73}}],"line":99},"19":{"loc":{"start":{"line":103,"column":6},"end":{"line":110,"column":7}},"type":"if","locations":[{"start":{"line":103,"column":6},"end":{"line":110,"column":7}},{"start":{},"end":{}}],"line":103},"20":{"loc":{"start":{"line":105,"column":8},"end":{"line":109,"column":9}},"type":"if","locations":[{"start":{"line":105,"column":8},"end":{"line":109,"column":9}},{"start":{"line":107,"column":15},"end":{"line":109,"column":9}}],"line":105},"21":{"loc":{"start":{"line":106,"column":22},"end":{"line":106,"column":58}},"type":"cond-expr","locations":[{"start":{"line":106,"column":42},"end":{"line":106,"column":48}},{"start":{"line":106,"column":51},"end":{"line":106,"column":58}}],"line":106},"22":{"loc":{"start":{"line":108,"column":16},"end":{"line":108,"column":83}},"type":"cond-expr","locations":[{"start":{"line":108,"column":36},"end":{"line":108,"column":56}},{"start":{"line":108,"column":59},"end":{"line":108,"column":83}}],"line":108},"23":{"loc":{"start":{"line":114,"column":16},"end":{"line":114,"column":59}},"type":"cond-expr","locations":[{"start":{"line":114,"column":36},"end":{"line":114,"column":46}},{"start":{"line":114,"column":49},"end":{"line":114,"column":59}}],"line":114},"24":{"loc":{"start":{"line":114,"column":61},"end":{"line":114,"column":168}},"type":"cond-expr","locations":[{"start":{"line":114,"column":81},"end":{"line":114,"column":120}},{"start":{"line":114,"column":123},"end":{"line":114,"column":168}}],"line":114},"25":{"loc":{"start":{"line":115,"column":14},"end":{"line":115,"column":52}},"type":"cond-expr","locations":[{"start":{"line":115,"column":34},"end":{"line":115,"column":42}},{"start":{"line":115,"column":45},"end":{"line":115,"column":52}}],"line":115},"26":{"loc":{"start":{"line":117,"column":14},"end":{"line":117,"column":48}},"type":"cond-expr","locations":[{"start":{"line":117,"column":34},"end":{"line":117,"column":39}},{"start":{"line":117,"column":42},"end":{"line":117,"column":48}}],"line":117},"27":{"loc":{"start":{"line":120,"column":10},"end":{"line":121,"column":91}},"type":"if","locations":[{"start":{"line":120,"column":10},"end":{"line":121,"column":91}},{"start":{"line":121,"column":15},"end":{"line":121,"column":91}}],"line":120},"28":{"loc":{"start":{"line":120,"column":30},"end":{"line":120,"column":72}},"type":"cond-expr","locations":[{"start":{"line":120,"column":50},"end":{"line":120,"column":59}},{"start":{"line":120,"column":62},"end":{"line":120,"column":72}}],"line":120},"29":{"loc":{"start":{"line":121,"column":27},"end":{"line":121,"column":89}},"type":"cond-expr","locations":[{"start":{"line":121,"column":47},"end":{"line":121,"column":69}},{"start":{"line":121,"column":72},"end":{"line":121,"column":89}}],"line":121},"30":{"loc":{"start":{"line":129,"column":4},"end":{"line":129,"column":38}},"type":"if","locations":[{"start":{"line":129,"column":4},"end":{"line":129,"column":38}},{"start":{},"end":{}}],"line":129},"31":{"loc":{"start":{"line":132,"column":6},"end":{"line":132,"column":44}},"type":"if","locations":[{"start":{"line":132,"column":6},"end":{"line":132,"column":44}},{"start":{},"end":{}}],"line":132},"32":{"loc":{"start":{"line":136,"column":6},"end":{"line":150,"column":7}},"type":"if","locations":[{"start":{"line":136,"column":6},"end":{"line":150,"column":7}},{"start":{"line":138,"column":13},"end":{"line":150,"column":7}}],"line":136},"33":{"loc":{"start":{"line":138,"column":13},"end":{"line":150,"column":7}},"type":"if","locations":[{"start":{"line":138,"column":13},"end":{"line":150,"column":7}},{"start":{"line":140,"column":13},"end":{"line":150,"column":7}}],"line":138},"34":{"loc":{"start":{"line":140,"column":13},"end":{"line":150,"column":7}},"type":"if","locations":[{"start":{"line":140,"column":13},"end":{"line":150,"column":7}},{"start":{},"end":{}}],"line":140},"35":{"loc":{"start":{"line":143,"column":17},"end":{"line":143,"column":97}},"type":"binary-expr","locations":[{"start":{"line":143,"column":17},"end":{"line":143,"column":56}},{"start":{"line":143,"column":60},"end":{"line":143,"column":97}}],"line":143},"36":{"loc":{"start":{"line":145,"column":8},"end":{"line":149,"column":9}},"type":"if","locations":[{"start":{"line":145,"column":8},"end":{"line":149,"column":9}},{"start":{},"end":{}}],"line":145},"37":{"loc":{"start":{"line":159,"column":2},"end":{"line":161,"column":3}},"type":"if","locations":[{"start":{"line":159,"column":2},"end":{"line":161,"column":3}},{"start":{},"end":{}}],"line":159},"38":{"loc":{"start":{"line":160,"column":33},"end":{"line":160,"column":83}},"type":"cond-expr","locations":[{"start":{"line":160,"column":53},"end":{"line":160,"column":65}},{"start":{"line":160,"column":68},"end":{"line":160,"column":83}}],"line":160},"39":{"loc":{"start":{"line":188,"column":69},"end":{"line":188,"column":127}},"type":"cond-expr","locations":[{"start":{"line":188,"column":80},"end":{"line":188,"column":105}},{"start":{"line":188,"column":108},"end":{"line":188,"column":127}}],"line":188},"40":{"loc":{"start":{"line":189,"column":18},"end":{"line":189,"column":78}},"type":"binary-expr","locations":[{"start":{"line":189,"column":18},"end":{"line":189,"column":26}},{"start":{"line":189,"column":30},"end":{"line":189,"column":78}}],"line":189},"41":{"loc":{"start":{"line":193,"column":59},"end":{"line":193,"column":124}},"type":"cond-expr","locations":[{"start":{"line":193,"column":70},"end":{"line":193,"column":95}},{"start":{"line":193,"column":98},"end":{"line":193,"column":124}}],"line":193},"42":{"loc":{"start":{"line":213,"column":27},"end":{"line":213,"column":123}},"type":"cond-expr","locations":[{"start":{"line":213,"column":36},"end":{"line":213,"column":101}},{"start":{"line":213,"column":105},"end":{"line":213,"column":123}}],"line":213},"43":{"loc":{"start":{"line":213,"column":36},"end":{"line":213,"column":101}},"type":"cond-expr","locations":[{"start":{"line":213,"column":69},"end":{"line":213,"column":78}},{"start":{"line":213,"column":81},"end":{"line":213,"column":101}}],"line":213},"44":{"loc":{"start":{"line":213,"column":36},"end":{"line":213,"column":66}},"type":"binary-expr","locations":[{"start":{"line":213,"column":36},"end":{"line":213,"column":52}},{"start":{"line":213,"column":56},"end":{"line":213,"column":66}}],"line":213},"45":{"loc":{"start":{"line":214,"column":31},"end":{"line":214,"column":181}},"type":"cond-expr","locations":[{"start":{"line":214,"column":40},"end":{"line":214,"column":105}},{"start":{"line":214,"column":110},"end":{"line":214,"column":180}}],"line":214},"46":{"loc":{"start":{"line":214,"column":40},"end":{"line":214,"column":105}},"type":"cond-expr","locations":[{"start":{"line":214,"column":73},"end":{"line":214,"column":82}},{"start":{"line":214,"column":85},"end":{"line":214,"column":105}}],"line":214},"47":{"loc":{"start":{"line":214,"column":40},"end":{"line":214,"column":70}},"type":"binary-expr","locations":[{"start":{"line":214,"column":40},"end":{"line":214,"column":56}},{"start":{"line":214,"column":60},"end":{"line":214,"column":70}}],"line":214},"48":{"loc":{"start":{"line":214,"column":110},"end":{"line":214,"column":180}},"type":"cond-expr","locations":[{"start":{"line":214,"column":133},"end":{"line":214,"column":158}},{"start":{"line":214,"column":161},"end":{"line":214,"column":180}}],"line":214},"49":{"loc":{"start":{"line":223,"column":33},"end":{"line":223,"column":46}},"type":"cond-expr","locations":[{"start":{"line":223,"column":41},"end":{"line":223,"column":42}},{"start":{"line":223,"column":45},"end":{"line":223,"column":46}}],"line":223},"50":{"loc":{"start":{"line":227,"column":82},"end":{"line":227,"column":108}},"type":"binary-expr","locations":[{"start":{"line":227,"column":82},"end":{"line":227,"column":102}},{"start":{"line":227,"column":106},"end":{"line":227,"column":108}}],"line":227},"51":{"loc":{"start":{"line":228,"column":17},"end":{"line":232,"column":17}},"type":"binary-expr","locations":[{"start":{"line":228,"column":17},"end":{"line":228,"column":27}},{"start":{"line":228,"column":31},"end":{"line":228,"column":36}},{"start":{"line":229,"column":18},"end":{"line":231,"column":25}}],"line":228},"52":{"loc":{"start":{"line":249,"column":20},"end":{"line":249,"column":116}},"type":"binary-expr","locations":[{"start":{"line":249,"column":20},"end":{"line":249,"column":30}},{"start":{"line":249,"column":34},"end":{"line":249,"column":116}}],"line":249},"53":{"loc":{"start":{"line":256,"column":28},"end":{"line":256,"column":67}},"type":"binary-expr","locations":[{"start":{"line":256,"column":28},"end":{"line":256,"column":38}},{"start":{"line":256,"column":42},"end":{"line":256,"column":67}}],"line":256},"54":{"loc":{"start":{"line":262,"column":20},"end":{"line":262,"column":67}},"type":"binary-expr","locations":[{"start":{"line":262,"column":20},"end":{"line":262,"column":30}},{"start":{"line":262,"column":34},"end":{"line":262,"column":67}}],"line":262}},"s":{"0":0,"1":0,"2":0,"3":0,"4":0,"5":0,"6":0,"7":0,"8":0,"9":0,"10":0,"11":0,"12":0,"13":0,"14":0,"15":0,"16":0,"17":0,"18":0,"19":0,"20":0,"21":0,"22":0,"23":0,"24":0,"25":0,"26":0,"27":0,"28":0,"29":0,"30":0,"31":0,"32":0,"33":0,"34":0,"35":0,"36":0,"37":0,"38":0,"39":0,"40":0,"41":0,"42":0,"43":0,"44":0,"45":0,"46":0,"47":0,"48":0,"49":0,"50":0,"51":0,"52":0,"53":0,"54":0,"55":0,"56":0,"57":0,"58":0,"59":0,"60":0,"61":0,"62":0,"63":0,"64":0,"65":0,"66":0,"67":0,"68":0,"69":0,"70":0,"71":0,"72":0,"73":0,"74":0,"75":0,"76":0,"77":0,"78":0,"79":0,"80":0,"81":0,"82":0,"83":0,"84":0,"85":0,"86":0,"87":0,"88":0,"89":0,"90":0,"91":0,"92":0,"93":0,"94":0,"95":0,"96":0,"97":0},"f":{"0":0,"1":0,"2":0,"3":0,"4":0,"5":0,"6":0,"7":0,"8":0,"9":0,"10":0,"11":0,"12":0,"13":0,"14":0,"15":0,"16":0,"17":0,"18":0,"19":0},"b":{"0":[0,0],"1":[0,0],"2":[0,0],"3":[0,0],"4":[0,0],"5":[0,0],"6":[0,0],"7":[0,0],"8":[0,0],"9":[0,0],"10":[0,0],"11":[0,0],"12":[0,0],"13":[0,0],"14":[0,0],"15":[0,0],"16":[0,0],"17":[0,0],"18":[0,0],"19":[0,0],"20":[0,0],"21":[0,0],"22":[0,0],"23":[0,0],"24":[0,0],"25":[0,0],"26":[0,0],"27":[0,0],"28":[0,0],"29":[0,0],"30":[0,0],"31":[0,0],"32":[0,0],"33":[0,0],"34":[0,0],"35":[0,0],"36":[0,0],"37":[0,0],"38":[0,0],"39":[0,0],"40":[0,0],"41":[0,0],"42":[0,0],"43":[0,0],"44":[0,0],"45":[0,0],"46":[0,0],"47":[0,0],"48":[0,0],"49":[0,0],"50":[0,0],"51":[0,0,0],"52":[0,0],"53":[0,0],"54":[0,0]}}
,"C:\\Users\\mhmto\\.gemini\\antigravity\\scratch\\gemquest52\\app\\blitz.tsx": {"path":"C:\\Users\\mhmto\\.gemini\\antigravity\\scratch\\gemquest52\\app\\blitz.tsx","statementMap":{"0":{"start":{"line":20,"column":17},"end":{"line":20,"column":28}},"1":{"start":{"line":21,"column":15},"end":{"line":21,"column":33}},"2":{"start":{"line":22,"column":19},"end":{"line":22,"column":32}},"3":{"start":{"line":23,"column":30},"end":{"line":23,"column":40}},"4":{"start":{"line":27,"column":20},"end":{"line":31,"column":3}},"5":{"start":{"line":28,"column":4},"end":{"line":28,"column":42}},"6":{"start":{"line":28,"column":35},"end":{"line":28,"column":42}},"7":{"start":{"line":29,"column":4},"end":{"line":29,"column":31}},"8":{"start":{"line":30,"column":4},"end":{"line":30,"column":24}},"9":{"start":{"line":33,"column":23},"end":{"line":47,"column":3}},"10":{"start":{"line":34,"column":19},"end":{"line":34,"column":37}},"11":{"start":{"line":35,"column":4},"end":{"line":41,"column":5}},"12":{"start":{"line":36,"column":6},"end":{"line":36,"column":31}},"13":{"start":{"line":37,"column":6},"end":{"line":37,"column":44}},"14":{"start":{"line":38,"column":6},"end":{"line":38,"column":56}},"15":{"start":{"line":40,"column":6},"end":{"line":40,"column":44}},"16":{"start":{"line":42,"column":4},"end":{"line":46,"column":5}},"17":{"start":{"line":43,"column":6},"end":{"line":43,"column":32}},"18":{"start":{"line":44,"column":6},"end":{"line":44,"column":45}},"19":{"start":{"line":45,"column":6},"end":{"line":45,"column":63}},"20":{"start":{"line":50,"column":2},"end":{"line":71,"column":45}},"21":{"start":{"line":51,"column":4},"end":{"line":51,"column":38}},"22":{"start":{"line":51,"column":31},"end":{"line":51,"column":38}},"23":{"start":{"line":53,"column":26},"end":{"line":65,"column":5}},"24":{"start":{"line":54,"column":6},"end":{"line":54,"column":44}},"25":{"start":{"line":54,"column":37},"end":{"line":54,"column":44}},"26":{"start":{"line":56,"column":18},"end":{"line":56,"column":50}},"27":{"start":{"line":58,"column":6},"end":{"line":64,"column":7}},"28":{"start":{"line":59,"column":8},"end":{"line":59,"column":23}},"29":{"start":{"line":60,"column":13},"end":{"line":64,"column":7}},"30":{"start":{"line":61,"column":8},"end":{"line":61,"column":28}},"31":{"start":{"line":62,"column":13},"end":{"line":64,"column":7}},"32":{"start":{"line":63,"column":8},"end":{"line":63,"column":23}},"33":{"start":{"line":67,"column":4},"end":{"line":67,"column":54}},"34":{"start":{"line":68,"column":4},"end":{"line":70,"column":6}},"35":{"start":{"line":69,"column":6},"end":{"line":69,"column":59}},"36":{"start":{"line":73,"column":2},"end":{"line":75,"column":3}},"37":{"start":{"line":74,"column":4},"end":{"line":74,"column":27}},"38":{"start":{"line":77,"column":2},"end":{"line":112,"column":3}},"39":{"start":{"line":78,"column":4},"end":{"line":111,"column":6}},"40":{"start":{"line":90,"column":16},"end":{"line":94,"column":23}},"41":{"start":{"line":104,"column":152},"end":{"line":104,"column":165}},"42":{"start":{"line":114,"column":2},"end":{"line":161,"column":4}},"43":{"start":{"line":120,"column":66},"end":{"line":120,"column":79}},"44":{"start":{"line":141,"column":12},"end":{"line":143,"column":19}},"45":{"start":{"line":164,"column":15},"end":{"line":195,"column":2}}},"fnMap":{"0":{"name":"BlitzScreen","decl":{"start":{"line":19,"column":24},"end":{"line":19,"column":35}},"loc":{"start":{"line":19,"column":38},"end":{"line":162,"column":1}},"line":19},"1":{"name":"(anonymous_1)","decl":{"start":{"line":27,"column":20},"end":{"line":27,"column":21}},"loc":{"start":{"line":27,"column":37},"end":{"line":31,"column":3}},"line":27},"2":{"name":"(anonymous_2)","decl":{"start":{"line":33,"column":23},"end":{"line":33,"column":24}},"loc":{"start":{"line":33,"column":35},"end":{"line":47,"column":3}},"line":33},"3":{"name":"(anonymous_3)","decl":{"start":{"line":50,"column":12},"end":{"line":50,"column":13}},"loc":{"start":{"line":50,"column":18},"end":{"line":71,"column":3}},"line":50},"4":{"name":"(anonymous_4)","decl":{"start":{"line":53,"column":26},"end":{"line":53,"column":27}},"loc":{"start":{"line":53,"column":48},"end":{"line":65,"column":5}},"line":53},"5":{"name":"(anonymous_5)","decl":{"start":{"line":68,"column":11},"end":{"line":68,"column":12}},"loc":{"start":{"line":68,"column":17},"end":{"line":70,"column":5}},"line":68},"6":{"name":"(anonymous_6)","decl":{"start":{"line":89,"column":20},"end":{"line":89,"column":21}},"loc":{"start":{"line":90,"column":16},"end":{"line":94,"column":23}},"line":90},"7":{"name":"(anonymous_7)","decl":{"start":{"line":104,"column":146},"end":{"line":104,"column":147}},"loc":{"start":{"line":104,"column":152},"end":{"line":104,"column":165}},"line":104},"8":{"name":"(anonymous_8)","decl":{"start":{"line":120,"column":60},"end":{"line":120,"column":61}},"loc":{"start":{"line":120,"column":66},"end":{"line":120,"column":79}},"line":120},"9":{"name":"(anonymous_9)","decl":{"start":{"line":140,"column":45},"end":{"line":140,"column":46}},"loc":{"start":{"line":141,"column":12},"end":{"line":143,"column":19}},"line":141}},"branchMap":{"0":{"loc":{"start":{"line":28,"column":4},"end":{"line":28,"column":42}},"type":"if","locations":[{"start":{"line":28,"column":4},"end":{"line":28,"column":42}},{"start":{},"end":{}}],"line":28},"1":{"loc":{"start":{"line":35,"column":4},"end":{"line":41,"column":5}},"type":"if","locations":[{"start":{"line":35,"column":4},"end":{"line":41,"column":5}},{"start":{"line":39,"column":11},"end":{"line":41,"column":5}}],"line":35},"2":{"loc":{"start":{"line":38,"column":28},"end":{"line":38,"column":54}},"type":"cond-expr","locations":[{"start":{"line":38,"column":47},"end":{"line":38,"column":49}},{"start":{"line":38,"column":52},"end":{"line":38,"column":54}}],"line":38},"3":{"loc":{"start":{"line":42,"column":4},"end":{"line":46,"column":5}},"type":"if","locations":[{"start":{"line":42,"column":4},"end":{"line":46,"column":5}},{"start":{},"end":{}}],"line":42},"4":{"loc":{"start":{"line":51,"column":4},"end":{"line":51,"column":38}},"type":"if","locations":[{"start":{"line":51,"column":4},"end":{"line":51,"column":38}},{"start":{},"end":{}}],"line":51},"5":{"loc":{"start":{"line":54,"column":6},"end":{"line":54,"column":44}},"type":"if","locations":[{"start":{"line":54,"column":6},"end":{"line":54,"column":44}},{"start":{},"end":{}}],"line":54},"6":{"loc":{"start":{"line":58,"column":6},"end":{"line":64,"column":7}},"type":"if","locations":[{"start":{"line":58,"column":6},"end":{"line":64,"column":7}},{"start":{"line":60,"column":13},"end":{"line":64,"column":7}}],"line":58},"7":{"loc":{"start":{"line":60,"column":13},"end":{"line":64,"column":7}},"type":"if","locations":[{"start":{"line":60,"column":13},"end":{"line":64,"column":7}},{"start":{"line":62,"column":13},"end":{"line":64,"column":7}}],"line":60},"8":{"loc":{"start":{"line":62,"column":13},"end":{"line":64,"column":7}},"type":"if","locations":[{"start":{"line":62,"column":13},"end":{"line":64,"column":7}},{"start":{},"end":{}}],"line":62},"9":{"loc":{"start":{"line":73,"column":2},"end":{"line":75,"column":3}},"type":"if","locations":[{"start":{"line":73,"column":2},"end":{"line":75,"column":3}},{"start":{},"end":{}}],"line":73},"10":{"loc":{"start":{"line":77,"column":2},"end":{"line":112,"column":3}},"type":"if","locations":[{"start":{"line":77,"column":2},"end":{"line":112,"column":3}},{"start":{},"end":{}}],"line":77},"11":{"loc":{"start":{"line":124,"column":11},"end":{"line":126,"column":11}},"type":"binary-expr","locations":[{"start":{"line":124,"column":11},"end":{"line":124,"column":27}},{"start":{"line":125,"column":12},"end":{"line":125,"column":74}}],"line":124},"12":{"loc":{"start":{"line":141,"column":53},"end":{"line":141,"column":93}},"type":"binary-expr","locations":[{"start":{"line":141,"column":53},"end":{"line":141,"column":66}},{"start":{"line":141,"column":70},"end":{"line":141,"column":93}}],"line":141},"13":{"loc":{"start":{"line":142,"column":47},"end":{"line":142,"column":66}},"type":"binary-expr","locations":[{"start":{"line":142,"column":47},"end":{"line":142,"column":60}},{"start":{"line":142,"column":64},"end":{"line":142,"column":66}}],"line":142},"14":{"loc":{"start":{"line":156,"column":80},"end":{"line":156,"column":124}},"type":"cond-expr","locations":[{"start":{"line":156,"column":100},"end":{"line":156,"column":110}},{"start":{"line":156,"column":113},"end":{"line":156,"column":124}}],"line":156}},"s":{"0":0,"1":0,"2":0,"3":0,"4":0,"5":0,"6":0,"7":0,"8":0,"9":0,"10":0,"11":0,"12":0,"13":0,"14":0,"15":0,"16":0,"17":0,"18":0,"19":0,"20":0,"21":0,"22":0,"23":0,"24":0,"25":0,"26":0,"27":0,"28":0,"29":0,"30":0,"31":0,"32":0,"33":0,"34":0,"35":0,"36":0,"37":0,"38":0,"39":0,"40":0,"41":0,"42":0,"43":0,"44":0,"45":0},"f":{"0":0,"1":0,"2":0,"3":0,"4":0,"5":0,"6":0,"7":0,"8":0,"9":0},"b":{"0":[0,0],"1":[0,0],"2":[0,0],"3":[0,0],"4":[0,0],"5":[0,0],"6":[0,0],"7":[0,0],"8":[0,0],"9":[0,0],"10":[0,0],"11":[0,0],"12":[0,0],"13":[0,0],"14":[0,0]}}
,"C:\\Users\\mhmto\\.gemini\\antigravity\\scratch\\gemquest52\\app\\chain.tsx": {"path":"C:\\Users\\mhmto\\.gemini\\antigravity\\scratch\\gemquest52\\app\\chain.tsx","statementMap":{"0":{"start":{"line":14,"column":17},"end":{"line":14,"column":28}},"1":{"start":{"line":15,"column":15},"end":{"line":15,"column":29}},"2":{"start":{"line":16,"column":19},"end":{"line":16,"column":32}},"3":{"start":{"line":17,"column":19},"end":{"line":17,"column":42}},"4":{"start":{"line":19,"column":2},"end":{"line":21,"column":3}},"5":{"start":{"line":20,"column":4},"end":{"line":20,"column":27}},"6":{"start":{"line":23,"column":23},"end":{"line":36,"column":3}},"7":{"start":{"line":24,"column":19},"end":{"line":24,"column":36}},"8":{"start":{"line":25,"column":4},"end":{"line":28,"column":5}},"9":{"start":{"line":26,"column":17},"end":{"line":26,"column":38}},"10":{"start":{"line":27,"column":6},"end":{"line":27,"column":32}},"11":{"start":{"line":29,"column":4},"end":{"line":34,"column":5}},"12":{"start":{"line":30,"column":6},"end":{"line":33,"column":9}},"13":{"start":{"line":32,"column":39},"end":{"line":32,"column":52}},"14":{"start":{"line":35,"column":4},"end":{"line":35,"column":30}},"15":{"start":{"line":38,"column":19},"end":{"line":38,"column":58}},"16":{"start":{"line":39,"column":19},"end":{"line":39,"column":54}},"17":{"start":{"line":41,"column":24},"end":{"line":43,"column":12}},"18":{"start":{"line":42,"column":4},"end":{"line":42,"column":32}},"19":{"start":{"line":45,"column":2},"end":{"line":124,"column":4}},"20":{"start":{"line":51,"column":66},"end":{"line":51,"column":79}},"21":{"start":{"line":84,"column":24},"end":{"line":84,"column":92}},"22":{"start":{"line":84,"column":33},"end":{"line":84,"column":92}},"23":{"start":{"line":84,"column":50},"end":{"line":84,"column":85}},"24":{"start":{"line":87,"column":12},"end":{"line":93,"column":19}},"25":{"start":{"line":127,"column":15},"end":{"line":155,"column":2}}},"fnMap":{"0":{"name":"ChainScreen","decl":{"start":{"line":13,"column":24},"end":{"line":13,"column":35}},"loc":{"start":{"line":13,"column":38},"end":{"line":125,"column":1}},"line":13},"1":{"name":"(anonymous_1)","decl":{"start":{"line":23,"column":23},"end":{"line":23,"column":24}},"loc":{"start":{"line":23,"column":35},"end":{"line":36,"column":3}},"line":23},"2":{"name":"(anonymous_2)","decl":{"start":{"line":32,"column":33},"end":{"line":32,"column":34}},"loc":{"start":{"line":32,"column":39},"end":{"line":32,"column":52}},"line":32},"3":{"name":"(anonymous_3)","decl":{"start":{"line":41,"column":60},"end":{"line":41,"column":61}},"loc":{"start":{"line":42,"column":4},"end":{"line":42,"column":32}},"line":42},"4":{"name":"(anonymous_4)","decl":{"start":{"line":51,"column":60},"end":{"line":51,"column":61}},"loc":{"start":{"line":51,"column":66},"end":{"line":51,"column":79}},"line":51},"5":{"name":"(anonymous_5)","decl":{"start":{"line":84,"column":15},"end":{"line":84,"column":16}},"loc":{"start":{"line":84,"column":22},"end":{"line":84,"column":94}},"line":84},"6":{"name":"(anonymous_6)","decl":{"start":{"line":84,"column":44},"end":{"line":84,"column":45}},"loc":{"start":{"line":84,"column":50},"end":{"line":84,"column":85}},"line":84},"7":{"name":"(anonymous_7)","decl":{"start":{"line":86,"column":26},"end":{"line":86,"column":27}},"loc":{"start":{"line":87,"column":12},"end":{"line":93,"column":19}},"line":87}},"branchMap":{"0":{"loc":{"start":{"line":19,"column":2},"end":{"line":21,"column":3}},"type":"if","locations":[{"start":{"line":19,"column":2},"end":{"line":21,"column":3}},{"start":{},"end":{}}],"line":19},"1":{"loc":{"start":{"line":25,"column":4},"end":{"line":28,"column":5}},"type":"if","locations":[{"start":{"line":25,"column":4},"end":{"line":28,"column":5}},{"start":{},"end":{}}],"line":25},"2":{"loc":{"start":{"line":29,"column":4},"end":{"line":34,"column":5}},"type":"if","locations":[{"start":{"line":29,"column":4},"end":{"line":34,"column":5}},{"start":{},"end":{}}],"line":29},"3":{"loc":{"start":{"line":38,"column":19},"end":{"line":38,"column":58}},"type":"binary-expr","locations":[{"start":{"line":38,"column":19},"end":{"line":38,"column":52}},{"start":{"line":38,"column":56},"end":{"line":38,"column":58}}],"line":38},"4":{"loc":{"start":{"line":39,"column":19},"end":{"line":39,"column":54}},"type":"binary-expr","locations":[{"start":{"line":39,"column":19},"end":{"line":39,"column":48}},{"start":{"line":39,"column":52},"end":{"line":39,"column":54}}],"line":39},"5":{"loc":{"start":{"line":42,"column":4},"end":{"line":42,"column":32}},"type":"cond-expr","locations":[{"start":{"line":42,"column":21},"end":{"line":42,"column":25}},{"start":{"line":42,"column":28},"end":{"line":42,"column":32}}],"line":42},"6":{"loc":{"start":{"line":75,"column":9},"end":{"line":79,"column":9}},"type":"binary-expr","locations":[{"start":{"line":75,"column":9},"end":{"line":75,"column":33}},{"start":{"line":76,"column":10},"end":{"line":78,"column":17}}],"line":75},"7":{"loc":{"start":{"line":84,"column":24},"end":{"line":84,"column":92}},"type":"if","locations":[{"start":{"line":84,"column":24},"end":{"line":84,"column":92}},{"start":{},"end":{}}],"line":84},"8":{"loc":{"start":{"line":87,"column":52},"end":{"line":87,"column":103}},"type":"binary-expr","locations":[{"start":{"line":87,"column":52},"end":{"line":87,"column":79}},{"start":{"line":87,"column":83},"end":{"line":87,"column":103}}],"line":87},"9":{"loc":{"start":{"line":90,"column":15},"end":{"line":92,"column":15}},"type":"binary-expr","locations":[{"start":{"line":90,"column":15},"end":{"line":90,"column":40}},{"start":{"line":91,"column":16},"end":{"line":91,"column":80}}],"line":90},"10":{"loc":{"start":{"line":98,"column":40},"end":{"line":98,"column":85}},"type":"cond-expr","locations":[{"start":{"line":98,"column":64},"end":{"line":98,"column":73}},{"start":{"line":98,"column":76},"end":{"line":98,"column":85}}],"line":98}},"s":{"0":0,"1":0,"2":0,"3":0,"4":0,"5":0,"6":0,"7":0,"8":0,"9":0,"10":0,"11":0,"12":0,"13":0,"14":0,"15":0,"16":0,"17":0,"18":0,"19":0,"20":0,"21":0,"22":0,"23":0,"24":0,"25":0},"f":{"0":0,"1":0,"2":0,"3":0,"4":0,"5":0,"6":0,"7":0},"b":{"0":[0,0],"1":[0,0],"2":[0,0],"3":[0,0],"4":[0,0],"5":[0,0],"6":[0,0],"7":[0,0],"8":[0,0],"9":[0,0],"10":[0,0]}}
,"C:\\Users\\mhmto\\.gemini\\antigravity\\scratch\\gemquest52\\app\\dordle.tsx": {"path":"C:\\Users\\mhmto\\.gemini\\antigravity\\scratch\\gemquest52\\app\\dordle.tsx","statementMap":{"0":{"start":{"line":20,"column":18},"end":{"line":20,"column":42}},"1":{"start":{"line":21,"column":18},"end":{"line":21,"column":47}},"2":{"start":{"line":24,"column":17},"end":{"line":24,"column":28}},"3":{"start":{"line":25,"column":19},"end":{"line":25,"column":32}},"4":{"start":{"line":26,"column":56},"end":{"line":26,"column":66}},"5":{"start":{"line":27,"column":15},"end":{"line":27,"column":34}},"6":{"start":{"line":28,"column":42},"end":{"line":28,"column":57}},"7":{"start":{"line":29,"column":44},"end":{"line":29,"column":178}},"8":{"start":{"line":30,"column":25},"end":{"line":30,"column":149}},"9":{"start":{"line":30,"column":31},"end":{"line":30,"column":149}},"10":{"start":{"line":34,"column":12},"end":{"line":34,"column":34}},"11":{"start":{"line":36,"column":20},"end":{"line":40,"column":12}},"12":{"start":{"line":37,"column":4},"end":{"line":37,"column":46}},"13":{"start":{"line":37,"column":39},"end":{"line":37,"column":46}},"14":{"start":{"line":38,"column":4},"end":{"line":38,"column":40}},"15":{"start":{"line":39,"column":4},"end":{"line":39,"column":24}},"16":{"start":{"line":42,"column":23},"end":{"line":45,"column":12}},"17":{"start":{"line":43,"column":4},"end":{"line":43,"column":40}},"18":{"start":{"line":44,"column":4},"end":{"line":44,"column":24}},"19":{"start":{"line":47,"column":22},"end":{"line":107,"column":3}},"20":{"start":{"line":48,"column":4},"end":{"line":48,"column":40}},"21":{"start":{"line":49,"column":21},"end":{"line":49,"column":23}},"22":{"start":{"line":50,"column":21},"end":{"line":50,"column":23}},"23":{"start":{"line":51,"column":18},"end":{"line":51,"column":80}},"24":{"start":{"line":53,"column":4},"end":{"line":61,"column":7}},"25":{"start":{"line":54,"column":14},"end":{"line":54,"column":16}},"26":{"start":{"line":55,"column":6},"end":{"line":59,"column":9}},"27":{"start":{"line":56,"column":8},"end":{"line":58,"column":22}},"28":{"start":{"line":56,"column":39},"end":{"line":56,"column":69}},"29":{"start":{"line":57,"column":13},"end":{"line":58,"column":22}},"30":{"start":{"line":57,"column":44},"end":{"line":57,"column":74}},"31":{"start":{"line":58,"column":13},"end":{"line":58,"column":22}},"32":{"start":{"line":60,"column":6},"end":{"line":60,"column":29}},"33":{"start":{"line":63,"column":4},"end":{"line":71,"column":7}},"34":{"start":{"line":64,"column":14},"end":{"line":64,"column":16}},"35":{"start":{"line":65,"column":6},"end":{"line":69,"column":9}},"36":{"start":{"line":66,"column":8},"end":{"line":68,"column":22}},"37":{"start":{"line":66,"column":39},"end":{"line":66,"column":69}},"38":{"start":{"line":67,"column":13},"end":{"line":68,"column":22}},"39":{"start":{"line":67,"column":44},"end":{"line":67,"column":74}},"40":{"start":{"line":68,"column":13},"end":{"line":68,"column":22}},"41":{"start":{"line":70,"column":6},"end":{"line":70,"column":29}},"42":{"start":{"line":73,"column":22},"end":{"line":75,"column":185}},"43":{"start":{"line":77,"column":4},"end":{"line":91,"column":5}},"44":{"start":{"line":78,"column":6},"end":{"line":90,"column":7}},"45":{"start":{"line":79,"column":8},"end":{"line":87,"column":9}},"46":{"start":{"line":80,"column":10},"end":{"line":80,"column":57}},"47":{"start":{"line":81,"column":10},"end":{"line":85,"column":13}},"48":{"start":{"line":86,"column":10},"end":{"line":86,"column":17}},"49":{"start":{"line":89,"column":8},"end":{"line":89,"column":24}},"50":{"start":{"line":93,"column":4},"end":{"line":106,"column":5}},"51":{"start":{"line":94,"column":6},"end":{"line":94,"column":48}},"52":{"start":{"line":96,"column":6},"end":{"line":105,"column":7}},"53":{"start":{"line":97,"column":8},"end":{"line":104,"column":18}},"54":{"start":{"line":98,"column":10},"end":{"line":98,"column":57}},"55":{"start":{"line":99,"column":10},"end":{"line":103,"column":13}},"56":{"start":{"line":109,"column":23},"end":{"line":156,"column":34}},"57":{"start":{"line":110,"column":4},"end":{"line":110,"column":41}},"58":{"start":{"line":111,"column":19},"end":{"line":111,"column":37}},"59":{"start":{"line":112,"column":4},"end":{"line":116,"column":5}},"60":{"start":{"line":113,"column":6},"end":{"line":113,"column":44}},"61":{"start":{"line":114,"column":6},"end":{"line":114,"column":270}},"62":{"start":{"line":115,"column":6},"end":{"line":115,"column":13}},"63":{"start":{"line":117,"column":4},"end":{"line":155,"column":5}},"64":{"start":{"line":118,"column":6},"end":{"line":118,"column":28}},"65":{"start":{"line":119,"column":6},"end":{"line":119,"column":31}},"66":{"start":{"line":120,"column":6},"end":{"line":120,"column":44}},"67":{"start":{"line":121,"column":6},"end":{"line":121,"column":33}},"68":{"start":{"line":122,"column":6},"end":{"line":122,"column":33}},"69":{"start":{"line":123,"column":6},"end":{"line":137,"column":9}},"70":{"start":{"line":132,"column":93},"end":{"line":132,"column":116}},"71":{"start":{"line":132,"column":117},"end":{"line":132,"column":134}},"72":{"start":{"line":132,"column":135},"end":{"line":132,"column":156}},"73":{"start":{"line":138,"column":11},"end":{"line":155,"column":5}},"74":{"start":{"line":139,"column":6},"end":{"line":139,"column":32}},"75":{"start":{"line":140,"column":6},"end":{"line":140,"column":44}},"76":{"start":{"line":141,"column":6},"end":{"line":154,"column":9}},"77":{"start":{"line":148,"column":100},"end":{"line":148,"column":123}},"78":{"start":{"line":148,"column":124},"end":{"line":148,"column":141}},"79":{"start":{"line":148,"column":142},"end":{"line":148,"column":163}},"80":{"start":{"line":149,"column":73},"end":{"line":149,"column":90}},"81":{"start":{"line":149,"column":91},"end":{"line":149,"column":105}},"82":{"start":{"line":159,"column":2},"end":{"line":180,"column":63}},"83":{"start":{"line":160,"column":4},"end":{"line":160,"column":38}},"84":{"start":{"line":160,"column":31},"end":{"line":160,"column":38}},"85":{"start":{"line":162,"column":26},"end":{"line":174,"column":5}},"86":{"start":{"line":163,"column":6},"end":{"line":163,"column":48}},"87":{"start":{"line":163,"column":41},"end":{"line":163,"column":48}},"88":{"start":{"line":165,"column":18},"end":{"line":165,"column":50}},"89":{"start":{"line":167,"column":6},"end":{"line":173,"column":7}},"90":{"start":{"line":168,"column":8},"end":{"line":168,"column":23}},"91":{"start":{"line":169,"column":13},"end":{"line":173,"column":7}},"92":{"start":{"line":170,"column":8},"end":{"line":170,"column":23}},"93":{"start":{"line":171,"column":13},"end":{"line":173,"column":7}},"94":{"start":{"line":172,"column":8},"end":{"line":172,"column":23}},"95":{"start":{"line":176,"column":4},"end":{"line":176,"column":54}},"96":{"start":{"line":177,"column":4},"end":{"line":179,"column":6}},"97":{"start":{"line":178,"column":6},"end":{"line":178,"column":59}},"98":{"start":{"line":182,"column":2},"end":{"line":184,"column":3}},"99":{"start":{"line":183,"column":4},"end":{"line":183,"column":88}},"100":{"start":{"line":187,"column":35},"end":{"line":204,"column":3}},"101":{"start":{"line":188,"column":49},"end":{"line":188,"column":51}},"102":{"start":{"line":189,"column":17},"end":{"line":189,"column":104}},"103":{"start":{"line":191,"column":4},"end":{"line":202,"column":7}},"104":{"start":{"line":192,"column":17},"end":{"line":192,"column":41}},"105":{"start":{"line":193,"column":17},"end":{"line":193,"column":41}},"106":{"start":{"line":195,"column":6},"end":{"line":201,"column":7}},"107":{"start":{"line":196,"column":8},"end":{"line":196,"column":30}},"108":{"start":{"line":197,"column":13},"end":{"line":201,"column":7}},"109":{"start":{"line":198,"column":8},"end":{"line":198,"column":30}},"110":{"start":{"line":200,"column":8},"end":{"line":200,"column":29}},"111":{"start":{"line":203,"column":4},"end":{"line":203,"column":18}},"112":{"start":{"line":206,"column":20},"end":{"line":215,"column":3}},"113":{"start":{"line":207,"column":4},"end":{"line":207,"column":71}},"114":{"start":{"line":207,"column":18},"end":{"line":207,"column":71}},"115":{"start":{"line":208,"column":4},"end":{"line":214,"column":5}},"116":{"start":{"line":209,"column":22},"end":{"line":209,"column":75}},"117":{"start":{"line":210,"column":22},"end":{"line":210,"column":75}},"118":{"start":{"line":211,"column":21},"end":{"line":211,"column":48}},"119":{"start":{"line":212,"column":18},"end":{"line":212,"column":51}},"120":{"start":{"line":213,"column":15},"end":{"line":213,"column":41}},"121":{"start":{"line":217,"column":20},"end":{"line":244,"column":3}},"122":{"start":{"line":218,"column":4},"end":{"line":243,"column":11}},"123":{"start":{"line":220,"column":8},"end":{"line":241,"column":15}},"124":{"start":{"line":222,"column":23},"end":{"line":222,"column":100}},"125":{"start":{"line":223,"column":12},"end":{"line":239,"column":14}},"126":{"start":{"line":246,"column":2},"end":{"line":295,"column":4}},"127":{"start":{"line":252,"column":142},"end":{"line":252,"column":155}},"128":{"start":{"line":298,"column":15},"end":{"line":315,"column":2}}},"fnMap":{"0":{"name":"DordleScreen","decl":{"start":{"line":23,"column":24},"end":{"line":23,"column":36}},"loc":{"start":{"line":23,"column":39},"end":{"line":296,"column":1}},"line":23},"1":{"name":"(anonymous_1)","decl":{"start":{"line":30,"column":25},"end":{"line":30,"column":26}},"loc":{"start":{"line":30,"column":31},"end":{"line":30,"column":149}},"line":30},"2":{"name":"(anonymous_2)","decl":{"start":{"line":36,"column":32},"end":{"line":36,"column":33}},"loc":{"start":{"line":36,"column":49},"end":{"line":40,"column":3}},"line":36},"3":{"name":"(anonymous_3)","decl":{"start":{"line":42,"column":35},"end":{"line":42,"column":36}},"loc":{"start":{"line":42,"column":41},"end":{"line":45,"column":3}},"line":42},"4":{"name":"(anonymous_4)","decl":{"start":{"line":47,"column":22},"end":{"line":47,"column":23}},"loc":{"start":{"line":47,"column":34},"end":{"line":107,"column":3}},"line":47},"5":{"name":"(anonymous_5)","decl":{"start":{"line":53,"column":40},"end":{"line":53,"column":41}},"loc":{"start":{"line":53,"column":47},"end":{"line":61,"column":5}},"line":53},"6":{"name":"(anonymous_6)","decl":{"start":{"line":55,"column":18},"end":{"line":55,"column":19}},"loc":{"start":{"line":55,"column":26},"end":{"line":59,"column":7}},"line":55},"7":{"name":"(anonymous_7)","decl":{"start":{"line":63,"column":40},"end":{"line":63,"column":41}},"loc":{"start":{"line":63,"column":47},"end":{"line":71,"column":5}},"line":63},"8":{"name":"(anonymous_8)","decl":{"start":{"line":65,"column":18},"end":{"line":65,"column":19}},"loc":{"start":{"line":65,"column":26},"end":{"line":69,"column":7}},"line":65},"9":{"name":"(anonymous_9)","decl":{"start":{"line":109,"column":35},"end":{"line":109,"column":36}},"loc":{"start":{"line":109,"column":47},"end":{"line":156,"column":3}},"line":109},"10":{"name":"(anonymous_10)","decl":{"start":{"line":132,"column":85},"end":{"line":132,"column":86}},"loc":{"start":{"line":132,"column":91},"end":{"line":132,"column":158}},"line":132},"11":{"name":"(anonymous_11)","decl":{"start":{"line":148,"column":92},"end":{"line":148,"column":93}},"loc":{"start":{"line":148,"column":98},"end":{"line":148,"column":165}},"line":148},"12":{"name":"(anonymous_12)","decl":{"start":{"line":149,"column":65},"end":{"line":149,"column":66}},"loc":{"start":{"line":149,"column":71},"end":{"line":149,"column":107}},"line":149},"13":{"name":"(anonymous_13)","decl":{"start":{"line":159,"column":12},"end":{"line":159,"column":13}},"loc":{"start":{"line":159,"column":18},"end":{"line":180,"column":3}},"line":159},"14":{"name":"(anonymous_14)","decl":{"start":{"line":162,"column":26},"end":{"line":162,"column":27}},"loc":{"start":{"line":162,"column":48},"end":{"line":174,"column":5}},"line":162},"15":{"name":"(anonymous_15)","decl":{"start":{"line":177,"column":11},"end":{"line":177,"column":12}},"loc":{"start":{"line":177,"column":17},"end":{"line":179,"column":5}},"line":177},"16":{"name":"(anonymous_16)","decl":{"start":{"line":187,"column":35},"end":{"line":187,"column":36}},"loc":{"start":{"line":187,"column":41},"end":{"line":204,"column":3}},"line":187},"17":{"name":"(anonymous_17)","decl":{"start":{"line":191,"column":17},"end":{"line":191,"column":18}},"loc":{"start":{"line":191,"column":22},"end":{"line":202,"column":5}},"line":191},"18":{"name":"(anonymous_18)","decl":{"start":{"line":206,"column":20},"end":{"line":206,"column":21}},"loc":{"start":{"line":206,"column":85},"end":{"line":215,"column":3}},"line":206},"19":{"name":"(anonymous_19)","decl":{"start":{"line":217,"column":20},"end":{"line":217,"column":21}},"loc":{"start":{"line":218,"column":4},"end":{"line":243,"column":11}},"line":218},"20":{"name":"(anonymous_20)","decl":{"start":{"line":219,"column":17},"end":{"line":219,"column":18}},"loc":{"start":{"line":220,"column":8},"end":{"line":241,"column":15}},"line":220},"21":{"name":"(anonymous_21)","decl":{"start":{"line":221,"column":19},"end":{"line":221,"column":20}},"loc":{"start":{"line":221,"column":35},"end":{"line":240,"column":11}},"line":221},"22":{"name":"(anonymous_22)","decl":{"start":{"line":252,"column":136},"end":{"line":252,"column":137}},"loc":{"start":{"line":252,"column":142},"end":{"line":252,"column":155}},"line":252}},"branchMap":{"0":{"loc":{"start":{"line":37,"column":4},"end":{"line":37,"column":46}},"type":"if","locations":[{"start":{"line":37,"column":4},"end":{"line":37,"column":46}},{"start":{},"end":{}}],"line":37},"1":{"loc":{"start":{"line":51,"column":18},"end":{"line":51,"column":80}},"type":"cond-expr","locations":[{"start":{"line":51,"column":46},"end":{"line":51,"column":61}},{"start":{"line":51,"column":64},"end":{"line":51,"column":80}}],"line":51},"2":{"loc":{"start":{"line":56,"column":8},"end":{"line":58,"column":22}},"type":"if","locations":[{"start":{"line":56,"column":8},"end":{"line":58,"column":22}},{"start":{"line":57,"column":13},"end":{"line":58,"column":22}}],"line":56},"3":{"loc":{"start":{"line":56,"column":44},"end":{"line":56,"column":68}},"type":"cond-expr","locations":[{"start":{"line":56,"column":57},"end":{"line":56,"column":61}},{"start":{"line":56,"column":64},"end":{"line":56,"column":68}}],"line":56},"4":{"loc":{"start":{"line":57,"column":13},"end":{"line":58,"column":22}},"type":"if","locations":[{"start":{"line":57,"column":13},"end":{"line":58,"column":22}},{"start":{"line":58,"column":13},"end":{"line":58,"column":22}}],"line":57},"5":{"loc":{"start":{"line":57,"column":49},"end":{"line":57,"column":73}},"type":"cond-expr","locations":[{"start":{"line":57,"column":62},"end":{"line":57,"column":66}},{"start":{"line":57,"column":69},"end":{"line":57,"column":73}}],"line":57},"6":{"loc":{"start":{"line":66,"column":8},"end":{"line":68,"column":22}},"type":"if","locations":[{"start":{"line":66,"column":8},"end":{"line":68,"column":22}},{"start":{"line":67,"column":13},"end":{"line":68,"column":22}}],"line":66},"7":{"loc":{"start":{"line":66,"column":44},"end":{"line":66,"column":68}},"type":"cond-expr","locations":[{"start":{"line":66,"column":57},"end":{"line":66,"column":61}},{"start":{"line":66,"column":64},"end":{"line":66,"column":68}}],"line":66},"8":{"loc":{"start":{"line":67,"column":13},"end":{"line":68,"column":22}},"type":"if","locations":[{"start":{"line":67,"column":13},"end":{"line":68,"column":22}},{"start":{"line":68,"column":13},"end":{"line":68,"column":22}}],"line":67},"9":{"loc":{"start":{"line":67,"column":49},"end":{"line":67,"column":73}},"type":"cond-expr","locations":[{"start":{"line":67,"column":62},"end":{"line":67,"column":66}},{"start":{"line":67,"column":69},"end":{"line":67,"column":73}}],"line":67},"10":{"loc":{"start":{"line":73,"column":22},"end":{"line":75,"column":185}},"type":"cond-expr","locations":[{"start":{"line":74,"column":8},"end":{"line":74,"column":181}},{"start":{"line":75,"column":8},"end":{"line":75,"column":185}}],"line":73},"11":{"loc":{"start":{"line":74,"column":29},"end":{"line":74,"column":103}},"type":"cond-expr","locations":[{"start":{"line":74,"column":57},"end":{"line":74,"column":97}},{"start":{"line":74,"column":100},"end":{"line":74,"column":103}}],"line":74},"12":{"loc":{"start":{"line":75,"column":29},"end":{"line":75,"column":103}},"type":"cond-expr","locations":[{"start":{"line":75,"column":57},"end":{"line":75,"column":97}},{"start":{"line":75,"column":100},"end":{"line":75,"column":103}}],"line":75},"13":{"loc":{"start":{"line":77,"column":4},"end":{"line":91,"column":5}},"type":"if","locations":[{"start":{"line":77,"column":4},"end":{"line":91,"column":5}},{"start":{},"end":{}}],"line":77},"14":{"loc":{"start":{"line":79,"column":8},"end":{"line":87,"column":9}},"type":"if","locations":[{"start":{"line":79,"column":8},"end":{"line":87,"column":9}},{"start":{},"end":{}}],"line":79},"15":{"loc":{"start":{"line":82,"column":34},"end":{"line":82,"column":79}},"type":"cond-expr","locations":[{"start":{"line":82,"column":54},"end":{"line":82,"column":63}},{"start":{"line":82,"column":66},"end":{"line":82,"column":79}}],"line":82},"16":{"loc":{"start":{"line":83,"column":21},"end":{"line":83,"column":165}},"type":"cond-expr","locations":[{"start":{"line":83,"column":41},"end":{"line":83,"column":97}},{"start":{"line":83,"column":100},"end":{"line":83,"column":165}}],"line":83},"17":{"loc":{"start":{"line":84,"column":31},"end":{"line":84,"column":65}},"type":"cond-expr","locations":[{"start":{"line":84,"column":51},"end":{"line":84,"column":55}},{"start":{"line":84,"column":58},"end":{"line":84,"column":65}}],"line":84},"18":{"loc":{"start":{"line":96,"column":6},"end":{"line":105,"column":7}},"type":"if","locations":[{"start":{"line":96,"column":6},"end":{"line":105,"column":7}},{"start":{},"end":{}}],"line":96},"19":{"loc":{"start":{"line":96,"column":10},"end":{"line":96,"column":90}},"type":"binary-expr","locations":[{"start":{"line":96,"column":10},"end":{"line":96,"column":31}},{"start":{"line":96,"column":35},"end":{"line":96,"column":67}},{"start":{"line":96,"column":71},"end":{"line":96,"column":90}}],"line":96},"20":{"loc":{"start":{"line":100,"column":34},"end":{"line":100,"column":79}},"type":"cond-expr","locations":[{"start":{"line":100,"column":54},"end":{"line":100,"column":63}},{"start":{"line":100,"column":66},"end":{"line":100,"column":79}}],"line":100},"21":{"loc":{"start":{"line":101,"column":21},"end":{"line":101,"column":101}},"type":"cond-expr","locations":[{"start":{"line":101,"column":41},"end":{"line":101,"column":69}},{"start":{"line":101,"column":72},"end":{"line":101,"column":101}}],"line":101},"22":{"loc":{"start":{"line":102,"column":31},"end":{"line":102,"column":65}},"type":"cond-expr","locations":[{"start":{"line":102,"column":51},"end":{"line":102,"column":55}},{"start":{"line":102,"column":58},"end":{"line":102,"column":65}}],"line":102},"23":{"loc":{"start":{"line":112,"column":4},"end":{"line":116,"column":5}},"type":"if","locations":[{"start":{"line":112,"column":4},"end":{"line":116,"column":5}},{"start":{},"end":{}}],"line":112},"24":{"loc":{"start":{"line":114,"column":73},"end":{"line":114,"column":141}},"type":"cond-expr","locations":[{"start":{"line":114,"column":93},"end":{"line":114,"column":114}},{"start":{"line":114,"column":117},"end":{"line":114,"column":141}}],"line":114},"25":{"loc":{"start":{"line":114,"column":162},"end":{"line":114,"column":196}},"type":"cond-expr","locations":[{"start":{"line":114,"column":182},"end":{"line":114,"column":186}},{"start":{"line":114,"column":189},"end":{"line":114,"column":196}}],"line":114},"26":{"loc":{"start":{"line":117,"column":4},"end":{"line":155,"column":5}},"type":"if","locations":[{"start":{"line":117,"column":4},"end":{"line":155,"column":5}},{"start":{"line":138,"column":11},"end":{"line":155,"column":5}}],"line":117},"27":{"loc":{"start":{"line":125,"column":15},"end":{"line":125,"column":71}},"type":"cond-expr","locations":[{"start":{"line":125,"column":35},"end":{"line":125,"column":52}},{"start":{"line":125,"column":55},"end":{"line":125,"column":71}}],"line":125},"28":{"loc":{"start":{"line":127,"column":17},"end":{"line":127,"column":96}},"type":"cond-expr","locations":[{"start":{"line":127,"column":37},"end":{"line":127,"column":65}},{"start":{"line":127,"column":68},"end":{"line":127,"column":96}}],"line":127},"29":{"loc":{"start":{"line":131,"column":19},"end":{"line":131,"column":63}},"type":"cond-expr","locations":[{"start":{"line":131,"column":39},"end":{"line":131,"column":49}},{"start":{"line":131,"column":52},"end":{"line":131,"column":63}}],"line":131},"30":{"loc":{"start":{"line":132,"column":19},"end":{"line":132,"column":59}},"type":"cond-expr","locations":[{"start":{"line":132,"column":39},"end":{"line":132,"column":49}},{"start":{"line":132,"column":52},"end":{"line":132,"column":59}}],"line":132},"31":{"loc":{"start":{"line":138,"column":11},"end":{"line":155,"column":5}},"type":"if","locations":[{"start":{"line":138,"column":11},"end":{"line":155,"column":5}},{"start":{},"end":{}}],"line":138},"32":{"loc":{"start":{"line":143,"column":15},"end":{"line":143,"column":61}},"type":"cond-expr","locations":[{"start":{"line":143,"column":35},"end":{"line":143,"column":45}},{"start":{"line":143,"column":48},"end":{"line":143,"column":61}}],"line":143},"33":{"loc":{"start":{"line":145,"column":17},"end":{"line":145,"column":162}},"type":"cond-expr","locations":[{"start":{"line":145,"column":37},"end":{"line":145,"column":95}},{"start":{"line":145,"column":98},"end":{"line":145,"column":162}}],"line":145},"34":{"loc":{"start":{"line":147,"column":19},"end":{"line":147,"column":63}},"type":"cond-expr","locations":[{"start":{"line":147,"column":39},"end":{"line":147,"column":49}},{"start":{"line":147,"column":52},"end":{"line":147,"column":63}}],"line":147},"35":{"loc":{"start":{"line":148,"column":19},"end":{"line":148,"column":66}},"type":"cond-expr","locations":[{"start":{"line":148,"column":39},"end":{"line":148,"column":50}},{"start":{"line":148,"column":53},"end":{"line":148,"column":66}}],"line":148},"36":{"loc":{"start":{"line":149,"column":19},"end":{"line":149,"column":54}},"type":"cond-expr","locations":[{"start":{"line":149,"column":39},"end":{"line":149,"column":45}},{"start":{"line":149,"column":48},"end":{"line":149,"column":54}}],"line":149},"37":{"loc":{"start":{"line":160,"column":4},"end":{"line":160,"column":38}},"type":"if","locations":[{"start":{"line":160,"column":4},"end":{"line":160,"column":38}},{"start":{},"end":{}}],"line":160},"38":{"loc":{"start":{"line":163,"column":6},"end":{"line":163,"column":48}},"type":"if","locations":[{"start":{"line":163,"column":6},"end":{"line":163,"column":48}},{"start":{},"end":{}}],"line":163},"39":{"loc":{"start":{"line":167,"column":6},"end":{"line":173,"column":7}},"type":"if","locations":[{"start":{"line":167,"column":6},"end":{"line":173,"column":7}},{"start":{"line":169,"column":13},"end":{"line":173,"column":7}}],"line":167},"40":{"loc":{"start":{"line":169,"column":13},"end":{"line":173,"column":7}},"type":"if","locations":[{"start":{"line":169,"column":13},"end":{"line":173,"column":7}},{"start":{"line":171,"column":13},"end":{"line":173,"column":7}}],"line":169},"41":{"loc":{"start":{"line":171,"column":13},"end":{"line":173,"column":7}},"type":"if","locations":[{"start":{"line":171,"column":13},"end":{"line":173,"column":7}},{"start":{},"end":{}}],"line":171},"42":{"loc":{"start":{"line":182,"column":2},"end":{"line":184,"column":3}},"type":"if","locations":[{"start":{"line":182,"column":2},"end":{"line":184,"column":3}},{"start":{},"end":{}}],"line":182},"43":{"loc":{"start":{"line":183,"column":33},"end":{"line":183,"column":83}},"type":"cond-expr","locations":[{"start":{"line":183,"column":53},"end":{"line":183,"column":65}},{"start":{"line":183,"column":68},"end":{"line":183,"column":83}}],"line":183},"44":{"loc":{"start":{"line":195,"column":6},"end":{"line":201,"column":7}},"type":"if","locations":[{"start":{"line":195,"column":6},"end":{"line":201,"column":7}},{"start":{"line":197,"column":13},"end":{"line":201,"column":7}}],"line":195},"45":{"loc":{"start":{"line":195,"column":10},"end":{"line":195,"column":46}},"type":"binary-expr","locations":[{"start":{"line":195,"column":10},"end":{"line":195,"column":26}},{"start":{"line":195,"column":30},"end":{"line":195,"column":46}}],"line":195},"46":{"loc":{"start":{"line":197,"column":13},"end":{"line":201,"column":7}},"type":"if","locations":[{"start":{"line":197,"column":13},"end":{"line":201,"column":7}},{"start":{"line":199,"column":13},"end":{"line":201,"column":7}}],"line":197},"47":{"loc":{"start":{"line":197,"column":17},"end":{"line":197,"column":53}},"type":"binary-expr","locations":[{"start":{"line":197,"column":17},"end":{"line":197,"column":33}},{"start":{"line":197,"column":37},"end":{"line":197,"column":53}}],"line":197},"48":{"loc":{"start":{"line":207,"column":4},"end":{"line":207,"column":71}},"type":"if","locations":[{"start":{"line":207,"column":4},"end":{"line":207,"column":71}},{"start":{},"end":{}}],"line":207},"49":{"loc":{"start":{"line":207,"column":25},"end":{"line":207,"column":70}},"type":"cond-expr","locations":[{"start":{"line":207,"column":38},"end":{"line":207,"column":47}},{"start":{"line":207,"column":50},"end":{"line":207,"column":70}}],"line":207},"50":{"loc":{"start":{"line":208,"column":4},"end":{"line":214,"column":5}},"type":"switch","locations":[{"start":{"line":209,"column":6},"end":{"line":209,"column":75}},{"start":{"line":210,"column":6},"end":{"line":210,"column":75}},{"start":{"line":211,"column":6},"end":{"line":211,"column":48}},{"start":{"line":212,"column":6},"end":{"line":212,"column":51}},{"start":{"line":213,"column":6},"end":{"line":213,"column":41}}],"line":208},"51":{"loc":{"start":{"line":209,"column":29},"end":{"line":209,"column":74}},"type":"cond-expr","locations":[{"start":{"line":209,"column":42},"end":{"line":209,"column":51}},{"start":{"line":209,"column":54},"end":{"line":209,"column":74}}],"line":209},"52":{"loc":{"start":{"line":210,"column":29},"end":{"line":210,"column":74}},"type":"cond-expr","locations":[{"start":{"line":210,"column":42},"end":{"line":210,"column":51}},{"start":{"line":210,"column":54},"end":{"line":210,"column":74}}],"line":210},"53":{"loc":{"start":{"line":222,"column":46},"end":{"line":222,"column":81}},"type":"binary-expr","locations":[{"start":{"line":222,"column":46},"end":{"line":222,"column":54}},{"start":{"line":222,"column":58},"end":{"line":222,"column":81}}],"line":222},"54":{"loc":{"start":{"line":230,"column":33},"end":{"line":230,"column":94}},"type":"cond-expr","locations":[{"start":{"line":230,"column":59},"end":{"line":230,"column":78}},{"start":{"line":230,"column":81},"end":{"line":230,"column":94}}],"line":230},"55":{"loc":{"start":{"line":231,"column":33},"end":{"line":231,"column":66}},"type":"cond-expr","locations":[{"start":{"line":231,"column":59},"end":{"line":231,"column":62}},{"start":{"line":231,"column":65},"end":{"line":231,"column":66}}],"line":231},"56":{"loc":{"start":{"line":235,"column":77},"end":{"line":235,"column":120}},"type":"binary-expr","locations":[{"start":{"line":235,"column":77},"end":{"line":235,"column":89}},{"start":{"line":235,"column":93},"end":{"line":235,"column":120}}],"line":235},"57":{"loc":{"start":{"line":236,"column":19},"end":{"line":236,"column":85}},"type":"cond-expr","locations":[{"start":{"line":236,"column":57},"end":{"line":236,"column":73}},{"start":{"line":236,"column":76},"end":{"line":236,"column":85}}],"line":236},"58":{"loc":{"start":{"line":236,"column":19},"end":{"line":236,"column":54}},"type":"binary-expr","locations":[{"start":{"line":236,"column":19},"end":{"line":236,"column":27}},{"start":{"line":236,"column":31},"end":{"line":236,"column":54}}],"line":236}},"s":{"0":0,"1":0,"2":0,"3":0,"4":0,"5":0,"6":0,"7":0,"8":0,"9":0,"10":0,"11":0,"12":0,"13":0,"14":0,"15":0,"16":0,"17":0,"18":0,"19":0,"20":0,"21":0,"22":0,"23":0,"24":0,"25":0,"26":0,"27":0,"28":0,"29":0,"30":0,"31":0,"32":0,"33":0,"34":0,"35":0,"36":0,"37":0,"38":0,"39":0,"40":0,"41":0,"42":0,"43":0,"44":0,"45":0,"46":0,"47":0,"48":0,"49":0,"50":0,"51":0,"52":0,"53":0,"54":0,"55":0,"56":0,"57":0,"58":0,"59":0,"60":0,"61":0,"62":0,"63":0,"64":0,"65":0,"66":0,"67":0,"68":0,"69":0,"70":0,"71":0,"72":0,"73":0,"74":0,"75":0,"76":0,"77":0,"78":0,"79":0,"80":0,"81":0,"82":0,"83":0,"84":0,"85":0,"86":0,"87":0,"88":0,"89":0,"90":0,"91":0,"92":0,"93":0,"94":0,"95":0,"96":0,"97":0,"98":0,"99":0,"100":0,"101":0,"102":0,"103":0,"104":0,"105":0,"106":0,"107":0,"108":0,"109":0,"110":0,"111":0,"112":0,"113":0,"114":0,"115":0,"116":0,"117":0,"118":0,"119":0,"120":0,"121":0,"122":0,"123":0,"124":0,"125":0,"126":0,"127":0,"128":0},"f":{"0":0,"1":0,"2":0,"3":0,"4":0,"5":0,"6":0,"7":0,"8":0,"9":0,"10":0,"11":0,"12":0,"13":0,"14":0,"15":0,"16":0,"17":0,"18":0,"19":0,"20":0,"21":0,"22":0},"b":{"0":[0,0],"1":[0,0],"2":[0,0],"3":[0,0],"4":[0,0],"5":[0,0],"6":[0,0],"7":[0,0],"8":[0,0],"9":[0,0],"10":[0,0],"11":[0,0],"12":[0,0],"13":[0,0],"14":[0,0],"15":[0,0],"16":[0,0],"17":[0,0],"18":[0,0],"19":[0,0,0],"20":[0,0],"21":[0,0],"22":[0,0],"23":[0,0],"24":[0,0],"25":[0,0],"26":[0,0],"27":[0,0],"28":[0,0],"29":[0,0],"30":[0,0],"31":[0,0],"32":[0,0],"33":[0,0],"34":[0,0],"35":[0,0],"36":[0,0],"37":[0,0],"38":[0,0],"39":[0,0],"40":[0,0],"41":[0,0],"42":[0,0],"43":[0,0],"44":[0,0],"45":[0,0],"46":[0,0],"47":[0,0],"48":[0,0],"49":[0,0],"50":[0,0,0,0,0],"51":[0,0],"52":[0,0],"53":[0,0],"54":[0,0],"55":[0,0],"56":[0,0],"57":[0,0],"58":[0,0]}}
,"C:\\Users\\mhmto\\.gemini\\antigravity\\scratch\\gemquest52\\app\\duel.tsx": {"path":"C:\\Users\\mhmto\\.gemini\\antigravity\\scratch\\gemquest52\\app\\duel.tsx","statementMap":{"0":{"start":{"line":19,"column":26},"end":{"line":19,"column":50}},"1":{"start":{"line":20,"column":25},"end":{"line":20,"column":27}},"2":{"start":{"line":21,"column":22},"end":{"line":21,"column":24}},"3":{"start":{"line":24,"column":17},"end":{"line":24,"column":28}},"4":{"start":{"line":25,"column":19},"end":{"line":25,"column":32}},"5":{"start":{"line":26,"column":42},"end":{"line":26,"column":52}},"6":{"start":{"line":28,"column":34},"end":{"line":28,"column":45}},"7":{"start":{"line":29,"column":15},"end":{"line":29,"column":42}},"8":{"start":{"line":30,"column":42},"end":{"line":30,"column":57}},"9":{"start":{"line":31,"column":44},"end":{"line":39,"column":4}},"10":{"start":{"line":43,"column":12},"end":{"line":43,"column":34}},"11":{"start":{"line":45,"column":42},"end":{"line":45,"column":54}},"12":{"start":{"line":48,"column":2},"end":{"line":53,"column":9}},"13":{"start":{"line":49,"column":4},"end":{"line":52,"column":6}},"14":{"start":{"line":56,"column":2},"end":{"line":78,"column":38}},"15":{"start":{"line":57,"column":4},"end":{"line":70,"column":5}},"16":{"start":{"line":58,"column":6},"end":{"line":68,"column":7}},"17":{"start":{"line":59,"column":8},"end":{"line":62,"column":10}},"18":{"start":{"line":64,"column":8},"end":{"line":67,"column":10}},"19":{"start":{"line":69,"column":6},"end":{"line":69,"column":13}},"20":{"start":{"line":72,"column":4},"end":{"line":77,"column":5}},"21":{"start":{"line":73,"column":23},"end":{"line":75,"column":112}},"22":{"start":{"line":76,"column":6},"end":{"line":76,"column":77}},"23":{"start":{"line":81,"column":2},"end":{"line":88,"column":23}},"24":{"start":{"line":82,"column":4},"end":{"line":87,"column":5}},"25":{"start":{"line":83,"column":23},"end":{"line":85,"column":129}},"26":{"start":{"line":86,"column":6},"end":{"line":86,"column":77}},"27":{"start":{"line":91,"column":2},"end":{"line":133,"column":20}},"28":{"start":{"line":92,"column":4},"end":{"line":92,"column":29}},"29":{"start":{"line":92,"column":22},"end":{"line":92,"column":29}},"30":{"start":{"line":94,"column":20},"end":{"line":131,"column":5}},"31":{"start":{"line":95,"column":6},"end":{"line":130,"column":7}},"32":{"start":{"line":96,"column":8},"end":{"line":127,"column":9}},"33":{"start":{"line":97,"column":10},"end":{"line":97,"column":32}},"34":{"start":{"line":98,"column":10},"end":{"line":98,"column":35}},"35":{"start":{"line":99,"column":10},"end":{"line":99,"column":48}},"36":{"start":{"line":100,"column":10},"end":{"line":100,"column":37}},"37":{"start":{"line":101,"column":10},"end":{"line":101,"column":37}},"38":{"start":{"line":102,"column":10},"end":{"line":113,"column":13}},"39":{"start":{"line":110,"column":93},"end":{"line":110,"column":106}},"40":{"start":{"line":110,"column":107},"end":{"line":110,"column":157}},"41":{"start":{"line":110,"column":130},"end":{"line":110,"column":154}},"42":{"start":{"line":115,"column":10},"end":{"line":115,"column":36}},"43":{"start":{"line":116,"column":10},"end":{"line":116,"column":48}},"44":{"start":{"line":117,"column":10},"end":{"line":126,"column":13}},"45":{"start":{"line":123,"column":97},"end":{"line":123,"column":110}},"46":{"start":{"line":123,"column":111},"end":{"line":123,"column":161}},"47":{"start":{"line":123,"column":134},"end":{"line":123,"column":158}},"48":{"start":{"line":129,"column":8},"end":{"line":129,"column":54}},"49":{"start":{"line":132,"column":4},"end":{"line":132,"column":14}},"50":{"start":{"line":135,"column":21},"end":{"line":138,"column":3}},"51":{"start":{"line":136,"column":4},"end":{"line":136,"column":27}},"52":{"start":{"line":137,"column":4},"end":{"line":137,"column":17}},"53":{"start":{"line":140,"column":20},"end":{"line":143,"column":3}},"54":{"start":{"line":141,"column":4},"end":{"line":141,"column":40}},"55":{"start":{"line":142,"column":4},"end":{"line":142,"column":25}},"56":{"start":{"line":145,"column":23},"end":{"line":148,"column":3}},"57":{"start":{"line":146,"column":4},"end":{"line":146,"column":40}},"58":{"start":{"line":147,"column":4},"end":{"line":147,"column":24}},"59":{"start":{"line":150,"column":23},"end":{"line":177,"column":3}},"60":{"start":{"line":151,"column":4},"end":{"line":151,"column":41}},"61":{"start":{"line":152,"column":19},"end":{"line":152,"column":37}},"62":{"start":{"line":153,"column":4},"end":{"line":176,"column":5}},"63":{"start":{"line":154,"column":6},"end":{"line":154,"column":135}},"64":{"start":{"line":155,"column":6},"end":{"line":155,"column":44}},"65":{"start":{"line":156,"column":11},"end":{"line":176,"column":5}},"66":{"start":{"line":158,"column":11},"end":{"line":176,"column":5}},"67":{"start":{"line":159,"column":6},"end":{"line":159,"column":32}},"68":{"start":{"line":160,"column":11},"end":{"line"
[...]
},"77":{"start":{"line":223,"column":10},"end":{"line":223,"column":38}},"78":{"start":{"line":225,"column":8},"end":{"line":225,"column":61}},"79":{"start":{"line":225,"column":28},"end":{"line":225,"column":61}},"80":{"start":{"line":226,"column":8},"end":{"line":226,"column":55}},"81":{"start":{"line":226,"column":26},"end":{"line":226,"column":55}},"82":{"start":{"line":227,"column":37},"end":{"line":227,"column":76}},"83":{"start":{"line":228,"column":8},"end":{"line":234,"column":11}},"84":{"start":{"line":232,"column":79},"end":{"line":232,"column":83}},"85":{"start":{"line":237,"column":6},"end":{"line":243,"column":7}},"86":{"start":{"line":238,"column":33},"end":{"line":238,"column":69}},"87":{"start":{"line":239,"column":25},"end":{"line":239,"column":54}},"88":{"start":{"line":240,"column":8},"end":{"line":240,"column":100}},"89":{"start":{"line":245,"column":6},"end":{"line":245,"column":44}},"90":{"start":{"line":250,"column":4},"end":{"line":258,"column":5}},"91":{"start":{"line":251,"column":20},"end":{"line":251,"column":36}},"92":{"start":{"line":252,"column":6},"end":{"line":252,"column":64}},"93":{"start":{"line":254,"column":27},"end":{"line":254,"column":52}},"94":{"start":{"line":255,"column":6},"end":{"line":255,"column":80}},"95":{"start":{"line":257,"column":6},"end":{"line":257,"column":45}},"96":{"start":{"line":261,"column":29},"end":{"line":261,"column":58}},"97":{"start":{"line":264,"column":18},"end":{"line":264,"column":38}},"98":{"start":{"line":265,"column":4},"end":{"line":265,"column":30}}},"fnMap":{"0":{"name":"(anonymous_0)","decl":{"start":{"line":56,"column":54},"end":{"line":56,"column":55}},"loc":{"start":{"line":56,"column":69},"end":{"line":267,"column":1}},"line":56},"1":{"name":"(anonymous_1)","decl":{"start":{"line":69,"column":11},"end":{"line":69,"column":12}},"loc":{"start":{"line":69,"column":23},"end":{"line":93,"column":3}},"line":69},"2":{"name":"(anonymous_2)","decl":{"start":{"line":95,"column":11},"end":{"line":95,"column":12}},"loc":{"start":{"line":95,"column":29},"end":{"line":104,"column":3}},"line":95},"3":{"name":"(anonymous_3)","decl":{"start":{"line":106,"column":13},"end":{"line":106,"column":14}},"loc":{"start":{"line":106,"column":31},"end":{"line":115,"column":3}},"line":106},"4":{"name":"(anonymous_4)","decl":{"start":{"line":117,"column":10},"end":{"line":117,"column":11}},"loc":{"start":{"line":117,"column":28},"end":{"line":126,"column":3}},"line":117},"5":{"name":"(anonymous_5)","decl":{"start":{"line":128,"column":17},"end":{"line":128,"column":18}},"loc":{"start":{"line":128,"column":29},"end":{"line":136,"column":3}},"line":128},"6":{"name":"(anonymous_6)","decl":{"start":{"line":138,"column":18},"end":{"line":138,"column":19}},"loc":{"start":{"line":138,"column":33},"end":{"line":147,"column":3}},"line":138},"7":{"name":"(anonymous_7)","decl":{"start":{"line":149,"column":20},"end":{"line":149,"column":21}},"loc":{"start":{"line":149,"column":41},"end":{"line":160,"column":3}},"line":149},"8":{"name":"(anonymous_8)","decl":{"start":{"line":162,"column":13},"end":{"line":162,"column":14}},"loc":{"start":{"line":162,"column":29},"end":{"line":247,"column":3}},"line":162},"9":{"name":"(anonymous_9)","decl":{"start":{"line":232,"column":74},"end":{"line":232,"column":75}},"loc":{"start":{"line":232,"column":79},"end":{"line":232,"column":83}},"line":232},"10":{"name":"(anonymous_10)","decl":{"start":{"line":249,"column":14},"end":{"line":249,"column":15}},"loc":{"start":{"line":249,"column":26},"end":{"line":259,"column":3}},"line":249},"11":{"name":"(anonymous_11)","decl":{"start":{"line":261,"column":23},"end":{"line":261,"column":24}},"loc":{"start":{"line":261,"column":29},"end":{"line":261,"column":58}},"line":261},"12":{"name":"(anonymous_12)","decl":{"start":{"line":263,"column":16},"end":{"line":263,"column":17}},"loc":{"start":{"line":263,"column":28},"end":{"line":266,"column":3}},"line":263}},"branchMap":{"0":{"loc":{"start":{"line":70,"column":4},"end":{"line":70,"column":33}},"type":"if","locations":[{"start":{"line":70,"column":4},"end":{"line":70,"column":33}},{"start":{},"end":{}}],"line":70},"1":{"loc":{"start":{"line":109,"column":6},"end":{"line":109,"column":58}},"type":"if","locations":[{"start":{"line":109,"column":6},"end":{"line":109,"column":58}},{"start":{},"end":{}}],"line":109},"2":{"loc":{"start":{"line":152,"column":6},"end":{"line":152,"column":39}},"type":"if","locations":[{"start":{"line":152,"column":6},"end":{"line":152,"column":39}},{"start":{},"end":{}}],"line":152},"3":{"loc":{"start":{"line":168,"column":6},"end":{"line":171,"column":7}},"type":"if","locations":[{"start":{"line":168,"column":6},"end":{"line":171,"column":7}},{"start":{},"end":{}}],"line":168},"4":{"loc":{"start":{"line":173,"column":28},"end":{"line":175,"column":11}},"type":"cond-expr","locations":[{"start":{"line":174,"column":11},"end":{"line":174,"column":101}},{"start":{"line":175,"column":10},"end":{"line":175,"column":11}}],"line":173},"5":{"loc":{"start":{"line":174,"column":11},"end":{"line":174,"column":101}},"type":"binary-expr","locations":[{"start":{"line":174,"column":11},"end":{"line":174,"column":96}},{"start":{"line":174,"column":100},"end":{"line":174,"column":101}}],"line":174},"6":{"loc":{"start":{"line":176,"column":6},"end":{"line":179,"column":7}},"type":"if","locations":[{"start":{"line":176,"column":6},"end":{"line":179,"column":7}},{"start":{},"end":{}}],"line":176},"7":{"loc":{"start":{"line":189,"column":46},"end":{"line":189,"column":66}},"type":"cond-expr","locations":[{"start":{"line":189,"column":61},"end":{"line":189,"column":62}},{"start":{"line":189,"column":65},"end":{"line":189,"column":66}}],"line":189},"8":{"loc":{"start":{"line":190,"column":48},"end":{"line":190,"column":69}},"type":"cond-expr","locations":[{"start":{"line":190,"column":64},"end":{"line":190,"column":65}},{"start":{"line":190,"column":68},"end":{"line":190,"column":69}}],"line":190},"9":{"loc":{"start":{"line":191,"column":44},"end":{"line":191,"column":66}},"type":"cond-expr","locations":[{"start":{"line":191,"column":61},"end":{"line":191,"column":62}},{"start":{"line":191,"column":65},"end":{"line":191,"column":66}}],"line":191},"10":{"loc":{"start":{"line":192,"column":68},"end":{"line":192,"column":88}},"type":"cond-expr","locations":[{"start":{"line":192,"column":83},"end":{"line":192,"column":84}},{"start":{"line":192,"column":87},"end":{"line":192,"column":88}}],"line":192},"11":{"loc":{"start":{"line":194,"column":48},"end":{"line":194,"column":63}},"type":"cond-expr","locations":[{"start":{"line":194,"column":58},"end":{"line":194,"column":59}},{"start":{"line":194,"column":62},"end":{"line":194,"column":63}}],"line":194},"12":{"loc":{"start":{"line":198,"column":27},"end":{"line":198,"column":69}},"type":"binary-expr","locations":[{"start":{"line":198,"column":27},"end":{"line":198,"column":64}},{"start":{"line":198,"column":68},"end":{"line":198,"column":69}}],"line":198},"13":{"loc":{"start":{"line":217,"column":6},"end":{"line":235,"column":7}},"type":"if","locations":[{"start":{"line":217,"column":6},"end":{"line":235,"column":7}},{"start":{},"end":{}}],"line":217},"14":{"loc":{"start":{"line":222,"column":24},"end":{"line":222,"column":41}},"type":"binary-expr","locations":[{"start":{"line":222,"column":24},"end":{"line":222,"column":36}},{"start":{"line":222,"column":40},"end":{"line":222,"column":41}}],"line":222},"15":{"loc":{"start":{"line":223,"column":22},"end":{"line":223,"column":37}},"type":"binary-expr","locations":[{"start":{"line":223,"column":22},"end":{"line":223,"column":32}},{"start":{"line":223,"column":36},"end":{"line":223,"column":37}}],"line":223},"16":{"loc":{"start":{"line":225,"column":8},"end":{"line":225,"column":61}},"type":"if","locations":[{"start":{"line":225,"column":8},"end":{"line":225,"column":61}},{"start":{},"end":{}}],"line":225},"17":{"loc":{"start":{"line":226,"column":8},"end":{"line":226,"column":55}},"type":"if","locations":[{"start":{"line":226,"column":8},"end":{"line":226,"column":55}},{"start":{},"end":{}}],"line":226},"18":{"loc":{"start":{"line":240,"column":49},"end":{"line":240,"column":71}},"type":"binary-expr","locations":[{"start":{"line":240,"column":49},"end":{"line":240,"column":58}},{"start":{"line":240,"column":62},"end":{"line":240,"column":71}}],"line":240},"19":{"loc":{"start":{"line":240,"column":73},"end":{"line":240,"column":98}},"type":"binary-expr","locations":[{"start":{"line":240,"column":73},"end":{"line":240,"column":86}},{"start":{"line":240,"column":90},"end":{"line":240,"column":98}}],"line":240}},"s":{"0":0,"1":0,"2":0,"3":0,"4":0,"5":0,"6":0,"7":0,"8":0,"9":0,"10":0,"11":0,"12":0,"13":0,"14":0,"15":0,"16":0,"17":0,"18":0,"19":0,"20":0,"21":0,"22":0,"23":0,"24":0,"25":0,"26":0,"27":0,"28":0,"29":0,"30":0,"31":0,"32":0,"33":0,"34":0,"35":0,"36":0,"37":0,"38":0,"39":0,"40":0,"41":0,"42":0,"43":0,"44":0,"45":0,"46":0,"47":0,"48":0,"49":0,"50":0,"51":0,"52":0,"53":0,"54":0,"55":0,"56":0,"57":0,"58":0,"59":0,"60":0,"61":0,"62":0,"63":0,"64":0,"65":0,"66":0,"67":0,"68":0,"69":0,"70":0,"71":0,"72":0,"73":0,"74":0,"75":0,"76":0,"77":0,"78":0,"79":0,"80":0,"81":0,"82":0,"83":0,"84":0,"85":0,"86":0,"87":0,"88":0,"89":0,"90":0,"91":0,"92":0,"93":0,"94":0,"95":0,"96":0,"97":0,"98":0},"f":{"0":0,"1":0,"2":0,"3":0,"4":0,"5":0,"6":0,"7":0,"8":0,"9":0,"10":0,"11":0,"12":0},"b":{"0":[0,0],"1":[0,0],"2":[0,0],"3":[0,0],"4":[0,0],"5":[0,0],"6":[0,0],"7":[0,0],"8":[0,0],"9":[0,0],"10":[0,0],"11":[0,0],"12":[0,0],"13":[0,0],"14":[0,0],"15":[0,0],"16":[0,0],"17":[0,0],"18":[0,0],"19":[0,0]}}
,"C:\\Users\\mhmto\\.gemini\\antigravity\\scratch\\gemquest52\\store\\settingsStore.ts": {"path":"C:\\Users\\mhmto\\.gemini\\antigravity\\scratch\\gemquest52\\store\\settingsStore.ts","statementMap":{"0":{"start":{"line":30,"column":23},"end":{"line":30,"column":28}},"1":{"start":{"line":32,"column":32},"end":{"line":132,"column":3}},"2":{"start":{"line":32,"column":69},"end":{"line":132,"column":1}},"3":{"start":{"line":45,"column":4},"end":{"line":45,"column":33}},"4":{"start":{"line":45,"column":26},"end":{"line":45,"column":33}},"5":{"start":{"line":46,"column":4},"end":{"line":46,"column":28}},"6":{"start":{"line":47,"column":4},"end":{"line":74,"column":5}},"7":{"start":{"line":48,"column":75},"end":{"line":58,"column":8}},"8":{"start":{"line":59,"column":6},"end":{"line":69,"column":9}},"9":{"start":{"line":71,"column":6},"end":{"line":71,"column":60}},"10":{"start":{"line":73,"column":6},"end":{"line":73,"column":30}},"11":{"start":{"line":78,"column":4},"end":{"line":78,"column":25}},"12":{"start":{"line":79,"column":4},"end":{"line":79,"column":31}},"13":{"start":{"line":83,"column":31},"end":{"line":83,"column":58}},"14":{"start":{"line":84,"column":4},"end":{"line":84,"column":44}},"15":{"start":{"line":84,"column":37},"end":{"line":84,"column":44}},"16":{"start":{"line":85,"column":17},"end":{"line":85,"column":40}},"17":{"start":{"line":86,"column":4},"end":{"line":86,"column":47}},"18":{"start":{"line":87,"column":4},"end":{"line":87,"column":34}},"19":{"start":{"line":91,"column":31},"end":{"line":91,"column":58}},"20":{"start":{"line":92,"column":17},"end":{"line":92,"column":87}},"21":{"start":{"line":93,"column":4},"end":{"line":93,"column":47}},"22":{"start":{"line":94,"column":4},"end":{"line":94,"column":47}},"23":{"start":{"line":95,"column":4},"end":{"line":95,"column":31}},"24":{"start":{"line":99,"column":4},"end":{"line":99,"column":27}},"25":{"start":{"line":100,"column":4},"end":{"line":100,"column":44}},"26":{"start":{"line":104,"column":4},"end":{"line":104,"column":29}},"27":{"start":{"line":105,"column":4},"end":{"line":105,"column":46}},"28":{"start":{"line":109,"column":4},"end":{"line":109,"column":30}},"29":{"start":{"line":110,"column":4},"end":{"line":110,"column":47}},"30":{"start":{"line":114,"column":4},"end":{"line":114,"column":29}},"31":{"start":{"line":115,"column":4},"end":{"line":115,"column":46}},"32":{"start":{"line":119,"column":4},"end":{"line":119,"column":28}},"33":{"start":{"line":120,"column":4},"end":{"line":120,"column":36}},"34":{"start":{"line":124,"column":4},"end":{"line":124,"column":29}},"35":{"start":{"line":125,"column":4},"end":{"line":125,"column":46}},"36":{"start":{"line":129,"column":4},"end":{"line":129,"column":31}},"37":{"start":{"line":130,"column":4},"end":{"line":130,"column":48}},"38":{"start":{"line":156,"column":48},"end":{"line":176,"column":1}}},"fnMap":{"0":{"name":"(anonymous_0)","decl":{"start":{"line":32,"column":59},"end":{"line":32,"column":60}},"loc":{"start":{"line":32,"column":69},"end":{"line":132,"column":1}},"line":32},"1":{"name":"(anonymous_1)","decl":{"start":{"line":44,"column":11},"end":{"line":44,"column":12}},"loc":{"start":{"line":44,"column":23},"end":{"line":75,"column":3}},"line":44},"2":{"name":"(anonymous_2)","decl":{"start":{"line":77,"column":12},"end":{"line":77,"column":13}},"loc":{"start":{"line":77,"column":20},"end":{"line":80,"column":3}},"line":77},"3":{"name":"(anonymous_3)","decl":{"start":{"line":82,"column":15},"end":{"line":82,"column":16}},"loc":{"start":{"line":82,"column":23},"end":{"line":88,"column":3}},"line":82},"4":{"name":"(anonymous_4)","decl":{"start":{"line":90,"column":21},"end":{"line":90,"column":22}},"loc":{"start":{"line":90,"column":29},"end":{"line":96,"column":3}},"line":90},"5":{"name":"(anonymous_5)","decl":{"start":{"line":98,"column":17},"end":{"line":98,"column":18}},"loc":{"start":{"line":98,"column":24},"end":{"line":101,"column":3}},"line":98},"6":{"name":"(anonymous_6)","decl":{"start":{"line":103,"column":19},"end":{"line":103,"column":20}},"loc":{"start":{"line":103,"column":26},"end":{"line":106,"column":3}},"line":103},"7":{"name":"(anonymous_7)","decl":{"start":{"line":108,"column":20},"end":{"line":108,"column":21}},"loc":{"start":{"line":108,"column":27},"end":{"line":111,"column":3}},"line":108},"8":{"name":"(anonymous_8)","decl":{"start":{"line":113,"column":19},"end":{"line":113,"column":20}},"loc":{"start":{"line":113,"column":26},"end":{"line":116,"column":3}},"line":113},"9":{"name":"(anonymous_9)","decl":{"start":{"line":118,"column":15},"end":{"line":118,"column":16}},"loc":{"start":{"line":118,"column":25},"end":{"line":121,"column":3}},"line":118},"10":{"name":"(anonymous_10)","decl":{"start":{"line":123,"column":19},"end":{"line":123,"column":20}},"loc":{"start":{"line":123,"column":26},"end":{"line":126,"column":3}},"line":123},"11":{"name":"(anonymous_11)","decl":{"start":{"line":128,"column":21},"end":{"line":128,"column":22}},"loc":{"start":{"line":128,"column":28},"end":{"line":131,"column":3}},"line":128},"12":{"name":"(anonymous_12)","decl":{"start":{"line":158,"column":12},"end":{"line":158,"column":13}},"loc":{"start":{"line":158,"column":18},"end":{"line":158,"column":20}},"line":158},"13":{"name":"(anonymous_13)","decl":{"start":{"line":160,"column":15},"end":{"line":160,"column":16}},"loc":{"start":{"line":160,"column":21},"end":{"line":160,"column":23}},"line":160},"14":{"name":"(anonymous_14)","decl":{"start":{"line":161,"column":21},"end":{"line":161,"column":22}},"loc":{"start":{"line":161,"column":27},"end":{"line":161,"column":29}},"line":161},"15":{"name":"(anonymous_15)","decl":{"start":{"line":163,"column":17},"end":{"line":163,"column":18}},"loc":{"start":{"line":163,"column":23},"end":{"line":163,"column":25}},"line":163},"16":{"name":"(anonymous_16)","decl":{"start":{"line":165,"column":19},"end":{"line":165,"column":20}},"loc":{"start":{"line":165,"column":25},"end":{"line":165,"column":27}},"line":165},"17":{"name":"(anonymous_17)","decl":{"start":{"line":167,"column":20},"end":{"line":167,"column":21}},"loc":{"start":{"line":167,"column":26},"end":{"line":167,"column":28}},"line":167},"18":{"name":"(anonymous_18)","decl":{"start":{"line":169,"column":19},"end":{"line":169,"column":20}},"loc":{"start":{"line":169,"column":25},"end":{"line":169,"column":27}},"line":169},"19":{"name":"(anonymous_19)","decl":{"start":{"line":171,"column":15},"end":{"line":171,"column":16}},"loc":{"start":{"line":171,"column":21},"end":{"line":171,"column":23}},"line":171},"20":{"name":"(anonymous_20)","decl":{"start":{"line":173,"column":19},"end":{"line":173,"column":20}},"loc":{"start":{"line":173,"column":25},"end":{"line":173,"column":27}},"line":173},"21":{"name":"(anonymous_21)","decl":{"start":{"line":175,"column":21},"end":{"line":175,"column":22}},"loc":{"start":{"line":175,"column":27},"end":{"line":175,"column":29}},"line":175}},"branchMap":{"0":{"loc":{"start":{"line":45,"column":4},"end":{"line":45,"column":33}},"type":"if","locations":[{"start":{"line":45,"column":4},"end":{"line":45,"column":33}},{"start":{},"end":{}}],"line":45},"1":{"loc":{"start":{"line":60,"column":17},"end":{"line":60,"column":32}},"type":"binary-expr","locations":[{"start":{"line":60,"column":17},"end":{"line":60,"column":22}},{"start":{"line":60,"column":26},"end":{"line":60,"column":32}}],"line":60},"2":{"loc":{"start":{"line":61,"column":24},"end":{"line":61,"column":78}},"type":"cond-expr","locations":[{"start":{"line":61,"column":35},"end":{"line":61,"column":67}},{"start":{"line":61,"column":70},"end":{"line":61,"column":78}}],"line":61},"3":{"loc":{"start":{"line":62,"column":20},"end":{"line":62,"column":55}},"type":"cond-expr","locations":[{"start":{"line":62,"column":34},"end":{"line":62,"column":47}},{"start":{"line":62,"column":50},"end":{"line":62,"column":55}}],"line":62},"4":{"loc":{"start":{"line":63,"column":22},"end":{"line":63,"column":62}},"type":"cond-expr","locations":[{"start":{"line":63,"column":39},"end":{"line":63,"column":55}},{"start":{"line":63,"column":58},"end":{"line":63,"column":62}}],"line":63},"5":{"loc":{"start":{"line":64,"column":23},"end":{"line":64,"column":65}},"type":"cond-expr","locations":[{"start":{"line":64,"column":41},"end":{"line":64,"column":58}},{"start":{"line":64,"column":61},"end":{"line":64,"column":65}}],"line":64},"6":{"loc":{"start":{"line":65,"column":22},"end":{"line":65,"column":62}},"type":"cond-expr","locations":[{"start":{"line":65,"column":39},"end":{"line":65,"column":55}},{"start":{"line":65,"column":58},"end":{"line":65,"column":62}}],"line":65},"7":{"loc":{"start":{"line":66,"column":18},"end":{"line":66,"column":51}},"type":"cond-expr","locations":[{"start":{"line":66,"column":25},"end":{"line":66,"column":44}},{"start":{"line":66,"column":47},"end":{"line":66,"column":51}}],"line":66},"8":{"loc":{"start":{"line":67,"column":22},"end":{"line":67,"column":57}},"type":"cond-expr","locations":[{"start":{"line":67,"column":36},"end":{"line":67,"column":49}},{"start":{"line":67,"column":52},"end":{"line":67,"column":57}}],"line":67},"9":{"loc":{"start":{"line":68,"column":24},"end":{"line":68,"column":65}},"type":"cond-expr","locations":[{"start":{"line":68,"column":41},"end":{"line":68,"column":57}},{"start":{"line":68,"column":60},"end":{"line":68,"column":65}}],"line":68},"10":{"loc":{"start":{"line":84,"column":4},"end":{"line":84,"column":44}},"type":"if","locations":[{"start":{"line":84,"column":4},"end":{"line":84,"column":44}},{"start":{},"end":{}}],"line":84},"11":{"loc":{"start":{"line":92,"column":17},"end":{"line":92,"column":87}},"type":"cond-expr","locations":[{"start":{"line":92,"column":47},"end":{"line":92,"column":61}},{"start":{"line":92,"column":64},"end":{"line":92,"column":87}}],"line":92}},"s":{"0":0,"1":0,"2":0,"3":0,"4":0,"5":0,"6":0,"7":0,"8":0,"9":0,"10":0,"11":0,"12":0,"13":0,"14":0,"15":0,"16":0,"17":0,"18":0,"19":0,"20":0,"21":0,"22":0,"23":0,"24":0,"25":0,"26":0,"27":0,"28":0,"29":0,"30":0,"31":0,"32":0,"33":0,"34":0,"35":0,"36":0,"37":0,"38":0},"f":{"0":0,"1":0,"2":0,"3":0,"4":0,"5":0,"6":0,"7":0,"8":0,"9":0,"10":0,"11":0,"12":0,"13":0,"14":0,"15":0,"16":0,"17":0,"18":0,"19":0,"20":0,"21":0},"b":{"0":[0,0],"1":[0,0],"2":[0,0],"3":[0,0],"4":[0,0],"5":[0,0],"6":[0,0],"7":[0,0],"8":[0,0],"9":[0,0],"10":[0,0],"11":[0,0]}}
}
